{"/Users/dmitryorlov/Workspace/Personal/Github/splitr/frontend/postcss.config.js": {"path":"/Users/dmitryorlov/Workspace/Personal/Github/splitr/frontend/postcss.config.js","all":true,"statementMap":{"0":{"start":{"line":1,"column":0},"end":{"line":1,"column":16}},"1":{"start":{"line":2,"column":0},"end":{"line":2,"column":12}},"2":{"start":{"line":3,"column":0},"end":{"line":3,"column":20}},"3":{"start":{"line":4,"column":0},"end":{"line":4,"column":21}},"4":{"start":{"line":5,"column":0},"end":{"line":5,"column":4}},"5":{"start":{"line":6,"column":0},"end":{"line":6,"column":2}}},"s":{"0":0,"1":0,"2":0,"3":0,"4":0,"5":0},"branchMap":{"0":{"type":"branch","line":1,"loc":{"start":{"line":1,"column":0},"end":{"line":6,"column":-11}},"locations":[{"start":{"line":1,"column":0},"end":{"line":6,"column":-11}}]}},"b":{"0":[0]},"fnMap":{"0":{"name":"(empty-report)","decl":{"start":{"line":1,"column":0},"end":{"line":6,"column":-11}},"loc":{"start":{"line":1,"column":0},"end":{"line":6,"column":-11}},"line":1}},"f":{"0":0}}
,"/Users/dmitryorlov/Workspace/Personal/Github/splitr/frontend/tailwind.config.js": {"path":"/Users/dmitryorlov/Workspace/Personal/Github/splitr/frontend/tailwind.config.js","all":true,"statementMap":{"0":{"start":{"line":1,"column":0},"end":{"line":1,"column":43}},"1":{"start":{"line":2,"column":0},"end":{"line":2,"column":16}},"2":{"start":{"line":3,"column":0},"end":{"line":3,"column":62}},"3":{"start":{"line":4,"column":0},"end":{"line":4,"column":10}},"4":{"start":{"line":5,"column":0},"end":{"line":5,"column":15}},"5":{"start":{"line":6,"column":0},"end":{"line":6,"column":4}},"6":{"start":{"line":7,"column":0},"end":{"line":7,"column":14}},"7":{"start":{"line":8,"column":0},"end":{"line":8,"column":2}}},"s":{"0":0,"1":0,"2":0,"3":0,"4":0,"5":0,"6":0,"7":0},"branchMap":{"0":{"type":"branch","line":1,"loc":{"start":{"line":1,"column":0},"end":{"line":8,"column":-13}},"locations":[{"start":{"line":1,"column":0},"end":{"line":8,"column":-13}}]}},"b":{"0":[0]},"fnMap":{"0":{"name":"(empty-report)","decl":{"start":{"line":1,"column":0},"end":{"line":8,"column":-13}},"loc":{"start":{"line":1,"column":0},"end":{"line":8,"column":-13}},"line":1}},"f":{"0":0}}
,"/Users/dmitryorlov/Workspace/Personal/Github/splitr/frontend/vite.config.ts": {"path":"/Users/dmitryorlov/Workspace/Personal/Github/splitr/frontend/vite.config.ts","all":true,"statementMap":{"0":{"start":{"line":1,"column":0},"end":{"line":1,"column":36}},"1":{"start":{"line":2,"column":0},"end":{"line":2,"column":37}},"2":{"start":{"line":3,"column":0},"end":{"line":3,"column":31}},"5":{"start":{"line":6,"column":0},"end":{"line":6,"column":29}},"6":{"start":{"line":7,"column":0},"end":{"line":7,"column":19}},"7":{"start":{"line":8,"column":0},"end":{"line":8,"column":8}},"8":{"start":{"line":9,"column":0},"end":{"line":9,"column":35}},"9":{"start":{"line":10,"column":0},"end":{"line":10,"column":4}},"10":{"start":{"line":11,"column":0},"end":{"line":11,"column":11}},"11":{"start":{"line":12,"column":0},"end":{"line":12,"column":10}},"12":{"start":{"line":13,"column":0},"end":{"line":13,"column":21}},"13":{"start":{"line":14,"column":0},"end":{"line":14,"column":6}},"14":{"start":{"line":15,"column":0},"end":{"line":15,"column":4}},"15":{"start":{"line":16,"column":0},"end":{"line":16,"column":12}},"16":{"start":{"line":17,"column":0},"end":{"line":17,"column":12}},"17":{"start":{"line":18,"column":0},"end":{"line":18,"column":37}},"18":{"start":{"line":19,"column":0},"end":{"line":19,"column":6}},"19":{"start":{"line":20,"column":0},"end":{"line":20,"column":4}},"20":{"start":{"line":21,"column":0},"end":{"line":21,"column":3}}},"s":{"0":0,"1":0,"2":0,"5":0,"6":0,"7":0,"8":0,"9":0,"10":0,"11":0,"12":0,"13":0,"14":0,"15":0,"16":0,"17":0,"18":0,"19":0,"20":0},"branchMap":{"0":{"type":"branch","line":1,"loc":{"start":{"line":1,"column":0},"end":{"line":21,"column":-205}},"locations":[{"start":{"line":1,"column":0},"end":{"line":21,"column":-205}}]}},"b":{"0":[0]},"fnMap":{"0":{"name":"(empty-report)","decl":{"start":{"line":1,"column":0},"end":{"line":21,"column":-205}},"loc":{"start":{"line":1,"column":0},"end":{"line":21,"column":-205}},"line":1}},"f":{"0":0}}
,"/Users/dmitryorlov/Workspace/Personal/Github/splitr/frontend/vitest.config.ts": {"path":"/Users/dmitryorlov/Workspace/Personal/Github/splitr/frontend/vitest.config.ts","all":true,"statementMap":{"0":{"start":{"line":1,"column":0},"end":{"line":1,"column":44}},"1":{"start":{"line":2,"column":0},"end":{"line":2,"column":36}},"2":{"start":{"line":3,"column":0},"end":{"line":3,"column":30}},"4":{"start":{"line":5,"column":0},"end":{"line":5,"column":29}},"5":{"start":{"line":6,"column":0},"end":{"line":6,"column":19}},"6":{"start":{"line":7,"column":0},"end":{"line":7,"column":9}},"7":{"start":{"line":8,"column":0},"end":{"line":8,"column":25}},"8":{"start":{"line":9,"column":0},"end":{"line":9,"column":48}},"9":{"start":{"line":10,"column":0},"end":{"line":10,"column":15}},"10":{"start":{"line":11,"column":0},"end":{"line":11,"column":21}},"11":{"start":{"line":12,"column":0},"end":{"line":12,"column":41}},"12":{"start":{"line":13,"column":0},"end":{"line":13,"column":16}},"13":{"start":{"line":14,"column":0},"end":{"line":14,"column":24}},"14":{"start":{"line":15,"column":0},"end":{"line":15,"column":17}},"15":{"start":{"line":16,"column":0},"end":{"line":16,"column":19}},"16":{"start":{"line":17,"column":0},"end":{"line":17,"column":20}},"17":{"start":{"line":18,"column":0},"end":{"line":18,"column":21}},"18":{"start":{"line":19,"column":0},"end":{"line":19,"column":8}},"19":{"start":{"line":20,"column":0},"end":{"line":20,"column":19}},"20":{"start":{"line":21,"column":0},"end":{"line":21,"column":17}},"21":{"start":{"line":22,"column":0},"end":{"line":22,"column":23}},"22":{"start":{"line":23,"column":0},"end":{"line":23,"column":24}},"23":{"start":{"line":24,"column":0},"end":{"line":24,"column":20}},"24":{"start":{"line":25,"column":0},"end":{"line":25,"column":24}},"25":{"start":{"line":26,"column":0},"end":{"line":26,"column":9}},"26":{"start":{"line":27,"column":0},"end":{"line":27,"column":7}},"27":{"start":{"line":28,"column":0},"end":{"line":28,"column":6}},"28":{"start":{"line":29,"column":0},"end":{"line":29,"column":18}},"29":{"start":{"line":30,"column":0},"end":{"line":30,"column":12}},"30":{"start":{"line":31,"column":0},"end":{"line":31,"column":37}},"31":{"start":{"line":32,"column":0},"end":{"line":32,"column":6}},"32":{"start":{"line":33,"column":0},"end":{"line":33,"column":4}},"33":{"start":{"line":34,"column":0},"end":{"line":34,"column":2}}},"s":{"0":0,"1":0,"2":0,"4":0,"5":0,"6":0,"7":0,"8":0,"9":0,"10":0,"11":0,"12":0,"13":0,"14":0,"15":0,"16":0,"17":0,"18":0,"19":0,"20":0,"21":0,"22":0,"23":0,"24":0,"25":0,"26":0,"27":0,"28":0,"29":0,"30":0,"31":0,"32":0,"33":0},"branchMap":{"0":{"type":"branch","line":1,"loc":{"start":{"line":1,"column":0},"end":{"line":34,"column":-272}},"locations":[{"start":{"line":1,"column":0},"end":{"line":34,"column":-272}}]}},"b":{"0":[0]},"fnMap":{"0":{"name":"(empty-report)","decl":{"start":{"line":1,"column":0},"end":{"line":34,"column":-272}},"loc":{"start":{"line":1,"column":0},"end":{"line":34,"column":-272}},"line":1}},"f":{"0":0}}
,"/Users/dmitryorlov/Workspace/Personal/Github/splitr/frontend/dist/assets/index-CHLERbLd.js": {"path":"/Users/dmitryorlov/Workspace/Personal/Github/splitr/frontend/dist/assets/index-CHLERbLd.js","all":true,"statementMap":{"0":{"start":{"line":1,"column":0},"end":{"line":1,"column":713}},"1":{"start":{"line":2,"column":0},"end":{"line":2,"column":21}},"2":{"start":{"line":3,"column":0},"end":{"line":3,"column":55}},"3":{"start":{"line":4,"column":0},"end":{"line":4,"column":14}},"4":{"start":{"line":5,"column":0},"end":{"line":5,"column":3393}},"5":{"start":{"line":6,"column":0},"end":{"line":6,"column":25}},"6":{"start":{"line":7,"column":0},"end":{"line":7,"column":55}},"7":{"start":{"line":8,"column":0},"end":{"line":8,"column":14}},"8":{"start":{"line":9,"column":0},"end":{"line":9,"column":16237}},"9":{"start":{"line":10,"column":0},"end":{"line":10,"column":27}},"10":{"start":{"line":11,"column":0},"end":{"line":11,"column":55}},"11":{"start":{"line":12,"column":0},"end":{"line":12,"column":14}},"12":{"start":{"line":13,"column":0},"end":{"line":13,"column":42230}},"13":{"start":{"line":14,"column":0},"end":{"line":14,"column":26}},"14":{"start":{"line":15,"column":0},"end":{"line":15,"column":55}},"15":{"start":{"line":16,"column":0},"end":{"line":16,"column":14}},"16":{"start":{"line":17,"column":0},"end":{"line":17,"column":14161}},"17":{"start":{"line":18,"column":0},"end":{"line":18,"column":15}},"18":{"start":{"line":19,"column":0},"end":{"line":19,"column":37}},"19":{"start":{"line":20,"column":0},"end":{"line":20,"column":15}},"20":{"start":{"line":21,"column":0},"end":{"line":21,"column":66859}},"21":{"start":{"line":22,"column":0},"end":{"line":22,"column":3237}}},"s":{"0":0,"1":0,"2":0,"3":0,"4":0,"5":0,"6":0,"7":0,"8":0,"9":0,"10":0,"11":0,"12":0,"13":0,"14":0,"15":0,"16":0,"17":0,"18":0,"19":0,"20":0,"21":0},"branchMap":{"0":{"type":"branch","line":1,"loc":{"start":{"line":1,"column":147293},"end":{"line":22,"column":3237}},"locations":[{"start":{"line":1,"column":147293},"end":{"line":22,"column":3237}}]}},"b":{"0":[0]},"fnMap":{"0":{"name":"(empty-report)","decl":{"start":{"line":1,"column":147293},"end":{"line":22,"column":3237}},"loc":{"start":{"line":1,"column":147293},"end":{"line":22,"column":3237}},"line":1}},"f":{"0":0}}
,"/Users/dmitryorlov/Workspace/Personal/Github/splitr/frontend/src/App.vue": {"path":"/Users/dmitryorlov/Workspace/Personal/Github/splitr/frontend/src/App.vue","all":true,"statementMap":{"0":{"start":{"line":1,"column":0},"end":{"line":1,"column":24}},"6":{"start":{"line":7,"column":0},"end":{"line":7,"column":34}},"7":{"start":{"line":8,"column":0},"end":{"line":8,"column":41}},"8":{"start":{"line":9,"column":0},"end":{"line":9,"column":67}},"9":{"start":{"line":10,"column":0},"end":{"line":10,"column":47}},"10":{"start":{"line":11,"column":0},"end":{"line":11,"column":57}},"12":{"start":{"line":13,"column":0},"end":{"line":13,"column":54}},"13":{"start":{"line":14,"column":0},"end":{"line":14,"column":68}},"14":{"start":{"line":15,"column":0},"end":{"line":15,"column":60}},"16":{"start":{"line":17,"column":0},"end":{"line":17,"column":44}},"17":{"start":{"line":18,"column":0},"end":{"line":18,"column":28}},"19":{"start":{"line":20,"column":0},"end":{"line":20,"column":67}},"20":{"start":{"line":21,"column":0},"end":{"line":21,"column":71}},"21":{"start":{"line":22,"column":0},"end":{"line":22,"column":59}},"22":{"start":{"line":23,"column":0},"end":{"line":23,"column":73}},"23":{"start":{"line":24,"column":0},"end":{"line":24,"column":59}},"24":{"start":{"line":25,"column":0},"end":{"line":25,"column":67}},"25":{"start":{"line":26,"column":0},"end":{"line":26,"column":69}},"27":{"start":{"line":28,"column":0},"end":{"line":28,"column":68}},"28":{"start":{"line":29,"column":0},"end":{"line":29,"column":33}},"29":{"start":{"line":30,"column":0},"end":{"line":30,"column":30}},"30":{"start":{"line":31,"column":0},"end":{"line":31,"column":40}},"31":{"start":{"line":32,"column":0},"end":{"line":32,"column":34}},"32":{"start":{"line":33,"column":0},"end":{"line":33,"column":37}},"33":{"start":{"line":34,"column":0},"end":{"line":34,"column":3}},"34":{"start":{"line":35,"column":0},"end":{"line":35,"column":1}},"36":{"start":{"line":37,"column":0},"end":{"line":37,"column":68}},"37":{"start":{"line":38,"column":0},"end":{"line":38,"column":33}},"38":{"start":{"line":39,"column":0},"end":{"line":39,"column":49}},"39":{"start":{"line":40,"column":0},"end":{"line":40,"column":1}},"41":{"start":{"line":42,"column":0},"end":{"line":42,"column":42}},"42":{"start":{"line":43,"column":0},"end":{"line":43,"column":37}},"43":{"start":{"line":44,"column":0},"end":{"line":44,"column":1}},"45":{"start":{"line":46,"column":0},"end":{"line":46,"column":44}},"46":{"start":{"line":47,"column":0},"end":{"line":47,"column":41}},"47":{"start":{"line":48,"column":0},"end":{"line":48,"column":1}},"49":{"start":{"line":50,"column":0},"end":{"line":50,"column":49}},"50":{"start":{"line":51,"column":0},"end":{"line":51,"column":36}},"51":{"start":{"line":52,"column":0},"end":{"line":52,"column":1}},"53":{"start":{"line":54,"column":0},"end":{"line":54,"column":32}},"54":{"start":{"line":55,"column":0},"end":{"line":55,"column":29}},"55":{"start":{"line":56,"column":0},"end":{"line":56,"column":1}},"57":{"start":{"line":58,"column":0},"end":{"line":58,"column":32}},"58":{"start":{"line":59,"column":0},"end":{"line":59,"column":38}},"59":{"start":{"line":60,"column":0},"end":{"line":60,"column":1}},"61":{"start":{"line":62,"column":0},"end":{"line":62,"column":50}},"62":{"start":{"line":63,"column":0},"end":{"line":63,"column":67}},"63":{"start":{"line":64,"column":0},"end":{"line":64,"column":17}},"64":{"start":{"line":65,"column":0},"end":{"line":65,"column":17}},"65":{"start":{"line":66,"column":0},"end":{"line":66,"column":75}},"66":{"start":{"line":67,"column":0},"end":{"line":67,"column":19}},"67":{"start":{"line":68,"column":0},"end":{"line":68,"column":81}},"68":{"start":{"line":69,"column":0},"end":{"line":69,"column":19}},"69":{"start":{"line":70,"column":0},"end":{"line":70,"column":84}},"70":{"start":{"line":71,"column":0},"end":{"line":71,"column":16}},"71":{"start":{"line":72,"column":0},"end":{"line":72,"column":78}},"72":{"start":{"line":73,"column":0},"end":{"line":73,"column":12}},"73":{"start":{"line":74,"column":0},"end":{"line":74,"column":24}},"74":{"start":{"line":75,"column":0},"end":{"line":75,"column":3}},"75":{"start":{"line":76,"column":0},"end":{"line":76,"column":1}},"77":{"start":{"line":78,"column":0},"end":{"line":78,"column":47}},"78":{"start":{"line":79,"column":0},"end":{"line":79,"column":17}},"79":{"start":{"line":80,"column":0},"end":{"line":80,"column":17}},"80":{"start":{"line":81,"column":0},"end":{"line":81,"column":19}},"81":{"start":{"line":82,"column":0},"end":{"line":82,"column":36}},"82":{"start":{"line":83,"column":0},"end":{"line":83,"column":19}},"83":{"start":{"line":84,"column":0},"end":{"line":84,"column":28}},"84":{"start":{"line":85,"column":0},"end":{"line":85,"column":12}},"85":{"start":{"line":86,"column":0},"end":{"line":86,"column":28}},"86":{"start":{"line":87,"column":0},"end":{"line":87,"column":3}},"87":{"start":{"line":88,"column":0},"end":{"line":88,"column":1}},"89":{"start":{"line":90,"column":0},"end":{"line":90,"column":17}},"90":{"start":{"line":91,"column":0},"end":{"line":91,"column":38}},"91":{"start":{"line":92,"column":0},"end":{"line":92,"column":2}},"95":{"start":{"line":96,"column":0},"end":{"line":96,"column":41}},"96":{"start":{"line":97,"column":0},"end":{"line":97,"column":49}},"97":{"start":{"line":98,"column":0},"end":{"line":98,"column":27}},"98":{"start":{"line":99,"column":0},"end":{"line":99,"column":42}},"99":{"start":{"line":100,"column":0},"end":{"line":100,"column":67}},"100":{"start":{"line":101,"column":0},"end":{"line":101,"column":70}},"101":{"start":{"line":102,"column":0},"end":{"line":102,"column":76}},"102":{"start":{"line":103,"column":0},"end":{"line":103,"column":22}},"103":{"start":{"line":104,"column":0},"end":{"line":104,"column":41}},"105":{"start":{"line":106,"column":0},"end":{"line":106,"column":20}},"106":{"start":{"line":107,"column":0},"end":{"line":107,"column":18}},"108":{"start":{"line":109,"column":0},"end":{"line":109,"column":66}},"109":{"start":{"line":110,"column":0},"end":{"line":110,"column":46}},"110":{"start":{"line":111,"column":0},"end":{"line":111,"column":55}},"111":{"start":{"line":112,"column":0},"end":{"line":112,"column":24}},"112":{"start":{"line":113,"column":0},"end":{"line":113,"column":61}},"113":{"start":{"line":114,"column":0},"end":{"line":114,"column":46}},"114":{"start":{"line":115,"column":0},"end":{"line":115,"column":74}},"116":{"start":{"line":117,"column":0},"end":{"line":117,"column":35}},"117":{"start":{"line":118,"column":0},"end":{"line":118,"column":73}},"118":{"start":{"line":119,"column":0},"end":{"line":119,"column":49}},"119":{"start":{"line":120,"column":0},"end":{"line":120,"column":26}},"120":{"start":{"line":121,"column":0},"end":{"line":121,"column":29}},"121":{"start":{"line":122,"column":0},"end":{"line":122,"column":83}},"122":{"start":{"line":123,"column":0},"end":{"line":123,"column":109}},"123":{"start":{"line":124,"column":0},"end":{"line":124,"column":30}},"124":{"start":{"line":125,"column":0},"end":{"line":125,"column":31}},"125":{"start":{"line":126,"column":0},"end":{"line":126,"column":80}},"126":{"start":{"line":127,"column":0},"end":{"line":127,"column":78}},"128":{"start":{"line":129,"column":0},"end":{"line":129,"column":89}},"129":{"start":{"line":130,"column":0},"end":{"line":130,"column":279}},"130":{"start":{"line":131,"column":0},"end":{"line":131,"column":34}},"131":{"start":{"line":132,"column":0},"end":{"line":132,"column":33}},"132":{"start":{"line":133,"column":0},"end":{"line":133,"column":26}},"133":{"start":{"line":134,"column":0},"end":{"line":134,"column":34}},"134":{"start":{"line":135,"column":0},"end":{"line":135,"column":18}},"136":{"start":{"line":137,"column":0},"end":{"line":137,"column":64}},"137":{"start":{"line":138,"column":0},"end":{"line":138,"column":70}},"138":{"start":{"line":139,"column":0},"end":{"line":139,"column":59}},"139":{"start":{"line":140,"column":0},"end":{"line":140,"column":27}},"140":{"start":{"line":141,"column":0},"end":{"line":141,"column":63}},"141":{"start":{"line":142,"column":0},"end":{"line":142,"column":32}},"146":{"start":{"line":147,"column":0},"end":{"line":147,"column":90}},"147":{"start":{"line":148,"column":0},"end":{"line":148,"column":49}},"149":{"start":{"line":150,"column":0},"end":{"line":150,"column":58}},"151":{"start":{"line":152,"column":0},"end":{"line":152,"column":29}},"152":{"start":{"line":153,"column":0},"end":{"line":153,"column":27}},"153":{"start":{"line":154,"column":0},"end":{"line":154,"column":60}},"154":{"start":{"line":155,"column":0},"end":{"line":155,"column":32}},"159":{"start":{"line":160,"column":0},"end":{"line":160,"column":90}},"160":{"start":{"line":161,"column":0},"end":{"line":161,"column":49}},"162":{"start":{"line":163,"column":0},"end":{"line":163,"column":59}},"164":{"start":{"line":165,"column":0},"end":{"line":165,"column":29}},"165":{"start":{"line":166,"column":0},"end":{"line":166,"column":22}},"166":{"start":{"line":167,"column":0},"end":{"line":167,"column":18}},"168":{"start":{"line":169,"column":0},"end":{"line":169,"column":35}},"169":{"start":{"line":170,"column":0},"end":{"line":170,"column":59}},"170":{"start":{"line":171,"column":0},"end":{"line":171,"column":40}},"171":{"start":{"line":172,"column":0},"end":{"line":172,"column":31}},"172":{"start":{"line":173,"column":0},"end":{"line":173,"column":55}},"173":{"start":{"line":174,"column":0},"end":{"line":174,"column":58}},"174":{"start":{"line":175,"column":0},"end":{"line":175,"column":40}},"175":{"start":{"line":176,"column":0},"end":{"line":176,"column":44}},"176":{"start":{"line":177,"column":0},"end":{"line":177,"column":18}},"178":{"start":{"line":179,"column":0},"end":{"line":179,"column":45}},"179":{"start":{"line":180,"column":0},"end":{"line":180,"column":35}},"180":{"start":{"line":181,"column":0},"end":{"line":181,"column":31}},"183":{"start":{"line":184,"column":0},"end":{"line":184,"column":46}},"184":{"start":{"line":185,"column":0},"end":{"line":185,"column":48}},"185":{"start":{"line":186,"column":0},"end":{"line":186,"column":40}},"186":{"start":{"line":187,"column":0},"end":{"line":187,"column":44}},"187":{"start":{"line":188,"column":0},"end":{"line":188,"column":55}},"188":{"start":{"line":189,"column":0},"end":{"line":189,"column":51}},"189":{"start":{"line":190,"column":0},"end":{"line":190,"column":18}},"191":{"start":{"line":192,"column":0},"end":{"line":192,"column":37}},"192":{"start":{"line":193,"column":0},"end":{"line":193,"column":28}},"193":{"start":{"line":194,"column":0},"end":{"line":194,"column":57}},"194":{"start":{"line":195,"column":0},"end":{"line":195,"column":40}},"195":{"start":{"line":196,"column":0},"end":{"line":196,"column":44}},"196":{"start":{"line":197,"column":0},"end":{"line":197,"column":18}},"197":{"start":{"line":198,"column":0},"end":{"line":198,"column":18}},"198":{"start":{"line":199,"column":0},"end":{"line":199,"column":14}},"200":{"start":{"line":201,"column":0},"end":{"line":201,"column":39}},"201":{"start":{"line":202,"column":0},"end":{"line":202,"column":80}},"203":{"start":{"line":204,"column":0},"end":{"line":204,"column":38}},"204":{"start":{"line":205,"column":0},"end":{"line":205,"column":22}},"205":{"start":{"line":206,"column":0},"end":{"line":206,"column":40}},"206":{"start":{"line":207,"column":0},"end":{"line":207,"column":45}},"207":{"start":{"line":208,"column":0},"end":{"line":208,"column":49}},"208":{"start":{"line":209,"column":0},"end":{"line":209,"column":58}},"209":{"start":{"line":210,"column":0},"end":{"line":210,"column":56}},"210":{"start":{"line":211,"column":0},"end":{"line":211,"column":43}},"211":{"start":{"line":212,"column":0},"end":{"line":212,"column":44}},"212":{"start":{"line":213,"column":0},"end":{"line":213,"column":42}},"213":{"start":{"line":214,"column":0},"end":{"line":214,"column":10}},"214":{"start":{"line":215,"column":0},"end":{"line":215,"column":10}}},"s":{"0":0,"6":0,"7":0,"8":0,"9":0,"10":0,"12":0,"13":0,"14":0,"16":0,"17":0,"19":0,"20":0,"21":0,"22":0,"23":0,"24":0,"25":0,"27":0,"28":0,"29":0,"30":0,"31":0,"32":0,"33":0,"34":0,"36":0,"37":0,"38":0,"39":0,"41":0,"42":0,"43":0,"45":0,"46":0,"47":0,"49":0,"50":0,"51":0,"53":0,"54":0,"55":0,"57":0,"58":0,"59":0,"61":0,"62":0,"63":0,"64":0,"65":0,"66":0,"67":0,"68":0,"69":0,"70":0,"71":0,"72":0,"73":0,"74":0,"75":0,"77":0,"78":0,"79":0,"80":0,"81":0,"82":0,"83":0,"84":0,"85":0,"86":0,"87":0,"89":0,"90":0,"91":0,"95":0,"96":0,"97":0,"98":0,"99":0,"100":0,"101":0,"102":0,"103":0,"105":0,"106":0,"108":0,"109":0,"110":0,"111":0,"112":0,"113":0,"114":0,"116":0,"117":0,"118":0,"119":0,"120":0,"121":0,"122":0,"123":0,"124":0,"125":0,"126":0,"128":0,"129":0,"130":0,"131":0,"132":0,"133":0,"134":0,"136":0,"137":0,"138":0,"139":0,"140":0,"141":0,"146":0,"147":0,"149":0,"151":0,"152":0,"153":0,"154":0,"159":0,"160":0,"162":0,"164":0,"165":0,"166":0,"168":0,"169":0,"170":0,"171":0,"172":0,"173":0,"174":0,"175":0,"176":0,"178":0,"179":0,"180":0,"183":0,"184":0,"185":0,"186":0,"187":0,"188":0,"189":0,"191":0,"192":0,"193":0,"194":0,"195":0,"196":0,"197":0,"198":0,"200":0,"201":0,"203":0,"204":0,"205":0,"206":0,"207":0,"208":0,"209":0,"210":0,"211":0,"212":0,"213":0,"214":0},"branchMap":{"0":{"type":"branch","line":1,"loc":{"start":{"line":1,"column":0},"end":{"line":238,"column":-4647}},"locations":[{"start":{"line":1,"column":0},"end":{"line":238,"column":-4647}}]}},"b":{"0":[0]},"fnMap":{"0":{"name":"(empty-report)","decl":{"start":{"line":1,"column":0},"end":{"line":238,"column":-4647}},"loc":{"start":{"line":1,"column":0},"end":{"line":238,"column":-4647}},"line":1}},"f":{"0":0}}
,"/Users/dmitryorlov/Workspace/Personal/Github/splitr/frontend/src/main.ts": {"path":"/Users/dmitryorlov/Workspace/Personal/Github/splitr/frontend/src/main.ts","all":true,"statementMap":{"0":{"start":{"line":1,"column":0},"end":{"line":1,"column":35}},"1":{"start":{"line":2,"column":0},"end":{"line":2,"column":31}},"2":{"start":{"line":3,"column":0},"end":{"line":3,"column":27}},"3":{"start":{"line":4,"column":0},"end":{"line":4,"column":82}},"4":{"start":{"line":5,"column":0},"end":{"line":5,"column":20}},"5":{"start":{"line":6,"column":0},"end":{"line":6,"column":53}},"8":{"start":{"line":9,"column":0},"end":{"line":9,"column":62}},"11":{"start":{"line":12,"column":0},"end":{"line":12,"column":37}},"14":{"start":{"line":15,"column":0},"end":{"line":15,"column":43}},"15":{"start":{"line":16,"column":0},"end":{"line":16,"column":45}},"16":{"start":{"line":17,"column":0},"end":{"line":17,"column":2}},"18":{"start":{"line":19,"column":0},"end":{"line":19,"column":56}},"19":{"start":{"line":20,"column":0},"end":{"line":20,"column":61}},"20":{"start":{"line":21,"column":0},"end":{"line":21,"column":2}},"22":{"start":{"line":23,"column":0},"end":{"line":23,"column":32}},"23":{"start":{"line":24,"column":0},"end":{"line":24,"column":39}},"24":{"start":{"line":25,"column":0},"end":{"line":25,"column":20}},"25":{"start":{"line":26,"column":0},"end":{"line":26,"column":27}},"27":{"start":{"line":28,"column":0},"end":{"line":28,"column":20}},"28":{"start":{"line":29,"column":0},"end":{"line":29,"column":52}},"29":{"start":{"line":30,"column":0},"end":{"line":30,"column":15}},"30":{"start":{"line":31,"column":0},"end":{"line":31,"column":12}},"31":{"start":{"line":32,"column":0},"end":{"line":32,"column":5}},"33":{"start":{"line":34,"column":0},"end":{"line":34,"column":32}},"34":{"start":{"line":35,"column":0},"end":{"line":35,"column":16}},"35":{"start":{"line":36,"column":0},"end":{"line":36,"column":22}},"36":{"start":{"line":37,"column":0},"end":{"line":37,"column":53}},"37":{"start":{"line":38,"column":0},"end":{"line":38,"column":17}},"38":{"start":{"line":39,"column":0},"end":{"line":39,"column":43}},"39":{"start":{"line":40,"column":0},"end":{"line":40,"column":75}},"40":{"start":{"line":41,"column":0},"end":{"line":41,"column":36}},"41":{"start":{"line":42,"column":0},"end":{"line":42,"column":14}},"42":{"start":{"line":43,"column":0},"end":{"line":43,"column":73}},"43":{"start":{"line":44,"column":0},"end":{"line":44,"column":37}},"44":{"start":{"line":45,"column":0},"end":{"line":45,"column":7}},"45":{"start":{"line":46,"column":0},"end":{"line":46,"column":5}},"47":{"start":{"line":48,"column":0},"end":{"line":48,"column":18}},"48":{"start":{"line":49,"column":0},"end":{"line":49,"column":4}},"49":{"start":{"line":50,"column":0},"end":{"line":50,"column":1}},"51":{"start":{"line":52,"column":0},"end":{"line":52,"column":34}},"52":{"start":{"line":53,"column":0},"end":{"line":53,"column":29}},"54":{"start":{"line":55,"column":0},"end":{"line":55,"column":7}},"55":{"start":{"line":56,"column":0},"end":{"line":56,"column":30}},"57":{"start":{"line":58,"column":0},"end":{"line":58,"column":31}},"58":{"start":{"line":59,"column":0},"end":{"line":59,"column":18}},"60":{"start":{"line":61,"column":0},"end":{"line":61,"column":21}},"62":{"start":{"line":63,"column":0},"end":{"line":63,"column":68}},"63":{"start":{"line":64,"column":0},"end":{"line":64,"column":19}},"64":{"start":{"line":65,"column":0},"end":{"line":65,"column":51}},"65":{"start":{"line":66,"column":0},"end":{"line":66,"column":64}},"66":{"start":{"line":67,"column":0},"end":{"line":67,"column":3}},"67":{"start":{"line":68,"column":0},"end":{"line":68,"column":2}}},"s":{"0":0,"1":0,"2":0,"3":0,"4":0,"5":0,"8":0,"11":0,"14":0,"15":0,"16":0,"18":0,"19":0,"20":0,"22":0,"23":0,"24":0,"25":0,"27":0,"28":0,"29":0,"30":0,"31":0,"33":0,"34":0,"35":0,"36":0,"37":0,"38":0,"39":0,"40":0,"41":0,"42":0,"43":0,"44":0,"45":0,"47":0,"48":0,"49":0,"51":0,"52":0,"54":0,"55":0,"57":0,"58":0,"60":0,"62":0,"63":0,"64":0,"65":0,"66":0,"67":0},"branchMap":{"0":{"type":"branch","line":1,"loc":{"start":{"line":1,"column":0},"end":{"line":68,"column":-291}},"locations":[{"start":{"line":1,"column":0},"end":{"line":68,"column":-291}}]}},"b":{"0":[0]},"fnMap":{"0":{"name":"(empty-report)","decl":{"start":{"line":1,"column":0},"end":{"line":68,"column":-291}},"loc":{"start":{"line":1,"column":0},"end":{"line":68,"column":-291}},"line":1}},"f":{"0":0}}
,"/Users/dmitryorlov/Workspace/Personal/Github/splitr/frontend/src/components/HostsScreen.vue": {"path":"/Users/dmitryorlov/Workspace/Personal/Github/splitr/frontend/src/components/HostsScreen.vue","all":false,"statementMap":{"0":{"start":{"line":1,"column":0},"end":{"line":1,"column":24}},"1":{"start":{"line":2,"column":0},"end":{"line":2,"column":52}},"2":{"start":{"line":3,"column":0},"end":{"line":3,"column":59}},"3":{"start":{"line":4,"column":0},"end":{"line":4,"column":63}},"4":{"start":{"line":5,"column":0},"end":{"line":5,"column":63}},"5":{"start":{"line":6,"column":0},"end":{"line":6,"column":45}},"6":{"start":{"line":7,"column":0},"end":{"line":7,"column":40}},"9":{"start":{"line":10,"column":0},"end":{"line":10,"column":26}},"14":{"start":{"line":15,"column":0},"end":{"line":15,"column":34}},"16":{"start":{"line":17,"column":0},"end":{"line":17,"column":34}},"18":{"start":{"line":19,"column":0},"end":{"line":19,"column":56}},"19":{"start":{"line":20,"column":0},"end":{"line":20,"column":58}},"20":{"start":{"line":21,"column":0},"end":{"line":21,"column":66}},"22":{"start":{"line":23,"column":0},"end":{"line":23,"column":49}},"23":{"start":{"line":24,"column":0},"end":{"line":24,"column":31}},"24":{"start":{"line":25,"column":0},"end":{"line":25,"column":1}},"26":{"start":{"line":27,"column":0},"end":{"line":27,"column":32}},"27":{"start":{"line":28,"column":0},"end":{"line":28,"column":31}},"28":{"start":{"line":29,"column":0},"end":{"line":29,"column":1}},"30":{"start":{"line":31,"column":0},"end":{"line":31,"column":46}},"31":{"start":{"line":32,"column":0},"end":{"line":32,"column":33}},"32":{"start":{"line":33,"column":0},"end":{"line":33,"column":1}},"34":{"start":{"line":35,"column":0},"end":{"line":35,"column":33}},"35":{"start":{"line":36,"column":0},"end":{"line":36,"column":26}},"36":{"start":{"line":37,"column":0},"end":{"line":37,"column":1}},"38":{"start":{"line":39,"column":0},"end":{"line":39,"column":31}},"39":{"start":{"line":40,"column":0},"end":{"line":40,"column":30}},"40":{"start":{"line":41,"column":0},"end":{"line":41,"column":1}},"42":{"start":{"line":43,"column":0},"end":{"line":43,"column":23}},"43":{"start":{"line":44,"column":0},"end":{"line":44,"column":31}},"44":{"start":{"line":45,"column":0},"end":{"line":45,"column":2}},"46":{"start":{"line":47,"column":0},"end":{"line":47,"column":19}},"48":{"start":{"line":49,"column":0},"end":{"line":49,"column":2}},"52":{"start":{"line":53,"column":0},"end":{"line":53,"column":25}},"53":{"start":{"line":54,"column":0},"end":{"line":54,"column":19}},"54":{"start":{"line":55,"column":0},"end":{"line":55,"column":51}},"55":{"start":{"line":56,"column":0},"end":{"line":56,"column":11}},"56":{"start":{"line":57,"column":0},"end":{"line":57,"column":63}},"57":{"start":{"line":58,"column":0},"end":{"line":58,"column":54}},"58":{"start":{"line":59,"column":0},"end":{"line":59,"column":12}},"59":{"start":{"line":60,"column":0},"end":{"line":60,"column":13}},"60":{"start":{"line":61,"column":0},"end":{"line":61,"column":32}},"61":{"start":{"line":62,"column":0},"end":{"line":62,"column":158}},"63":{"start":{"line":64,"column":0},"end":{"line":64,"column":41}},"65":{"start":{"line":66,"column":0},"end":{"line":66,"column":15}},"66":{"start":{"line":67,"column":0},"end":{"line":67,"column":10}},"68":{"start":{"line":69,"column":0},"end":{"line":69,"column":26}},"69":{"start":{"line":70,"column":0},"end":{"line":70,"column":13}},"70":{"start":{"line":71,"column":0},"end":{"line":71,"column":39}},"71":{"start":{"line":72,"column":0},"end":{"line":72,"column":35}},"72":{"start":{"line":73,"column":0},"end":{"line":73,"column":32}},"73":{"start":{"line":74,"column":0},"end":{"line":74,"column":6}},"75":{"start":{"line":76,"column":0},"end":{"line":76,"column":25}},"76":{"start":{"line":77,"column":0},"end":{"line":77,"column":16}},"77":{"start":{"line":78,"column":0},"end":{"line":78,"column":29}},"78":{"start":{"line":79,"column":0},"end":{"line":79,"column":31}},"79":{"start":{"line":80,"column":0},"end":{"line":80,"column":39}},"80":{"start":{"line":81,"column":0},"end":{"line":81,"column":24}},"81":{"start":{"line":82,"column":0},"end":{"line":82,"column":61}},"82":{"start":{"line":83,"column":0},"end":{"line":83,"column":45}},"83":{"start":{"line":84,"column":0},"end":{"line":84,"column":32}},"84":{"start":{"line":85,"column":0},"end":{"line":85,"column":6}},"86":{"start":{"line":87,"column":0},"end":{"line":87,"column":23}},"87":{"start":{"line":88,"column":0},"end":{"line":88,"column":13}},"88":{"start":{"line":89,"column":0},"end":{"line":89,"column":26}},"89":{"start":{"line":90,"column":0},"end":{"line":90,"column":35}},"90":{"start":{"line":91,"column":0},"end":{"line":91,"column":31}},"91":{"start":{"line":92,"column":0},"end":{"line":92,"column":6}},"92":{"start":{"line":93,"column":0},"end":{"line":93,"column":8}}},"s":{"0":1,"1":1,"2":1,"3":1,"4":1,"5":1,"6":1,"9":1,"14":1,"16":1,"18":1,"19":1,"20":1,"22":1,"23":1,"24":1,"26":1,"27":1,"28":1,"30":1,"31":1,"32":1,"34":1,"35":1,"36":1,"38":1,"39":5,"40":5,"42":1,"43":34,"44":1,"46":1,"48":1,"52":1,"53":1,"54":1,"55":1,"56":1,"57":1,"58":1,"59":1,"60":1,"61":1,"63":1,"65":34,"66":1,"68":1,"69":1,"70":1,"71":1,"72":1,"73":1,"75":1,"76":1,"77":1,"78":36,"79":36,"80":36,"81":36,"82":36,"83":36,"84":1,"86":1,"87":1,"88":1,"89":1,"90":1,"91":1,"92":1},"branchMap":{"0":{"type":"branch","line":19,"loc":{"start":{"line":19,"column":28},"end":{"line":19,"column":55}},"locations":[{"start":{"line":19,"column":28},"end":{"line":19,"column":55}}]},"1":{"type":"branch","line":20,"loc":{"start":{"line":20,"column":29},"end":{"line":20,"column":57}},"locations":[{"start":{"line":20,"column":29},"end":{"line":20,"column":57}}]},"2":{"type":"branch","line":21,"loc":{"start":{"line":21,"column":35},"end":{"line":21,"column":65}},"locations":[{"start":{"line":21,"column":35},"end":{"line":21,"column":65}}]},"3":{"type":"branch","line":23,"loc":{"start":{"line":23,"column":24},"end":{"line":25,"column":1}},"locations":[{"start":{"line":23,"column":24},"end":{"line":25,"column":1}}]},"4":{"type":"branch","line":27,"loc":{"start":{"line":27,"column":25},"end":{"line":29,"column":1}},"locations":[{"start":{"line":27,"column":25},"end":{"line":29,"column":1}}]},"5":{"type":"branch","line":31,"loc":{"start":{"line":31,"column":26},"end":{"line":33,"column":1}},"locations":[{"start":{"line":31,"column":26},"end":{"line":33,"column":1}}]},"6":{"type":"branch","line":35,"loc":{"start":{"line":35,"column":26},"end":{"line":37,"column":1}},"locations":[{"start":{"line":35,"column":26},"end":{"line":37,"column":1}}]},"7":{"type":"branch","line":39,"loc":{"start":{"line":39,"column":24},"end":{"line":41,"column":1}},"locations":[{"start":{"line":39,"column":24},"end":{"line":41,"column":1}}]},"8":{"type":"branch","line":43,"loc":{"start":{"line":43,"column":10},"end":{"line":45,"column":1}},"locations":[{"start":{"line":43,"column":10},"end":{"line":45,"column":1}}]},"9":{"type":"branch","line":47,"loc":{"start":{"line":47,"column":12},"end":{"line":49,"column":1}},"locations":[{"start":{"line":47,"column":12},"end":{"line":49,"column":1}}]},"10":{"type":"branch","line":64,"loc":{"start":{"line":64,"column":38},"end":{"line":66,"column":15}},"locations":[{"start":{"line":64,"column":38},"end":{"line":66,"column":15}}]},"11":{"type":"branch","line":71,"loc":{"start":{"line":71,"column":23},"end":{"line":71,"column":39}},"locations":[{"start":{"line":71,"column":23},"end":{"line":71,"column":39}}]},"12":{"type":"branch","line":78,"loc":{"start":{"line":78,"column":13},"end":{"line":84,"column":32}},"locations":[{"start":{"line":78,"column":13},"end":{"line":84,"column":32}}]},"13":{"type":"branch","line":84,"loc":{"start":{"line":84,"column":14},"end":{"line":84,"column":32}},"locations":[{"start":{"line":84,"column":14},"end":{"line":84,"column":32}}]}},"b":{"0":[34],"1":[34],"2":[34],"3":[1],"4":[1],"5":[1],"6":[1],"7":[5],"8":[34],"9":[1],"10":[34],"11":[34],"12":[36],"13":[5]},"fnMap":{"0":{"name":"handleHostAdded","decl":{"start":{"line":23,"column":24},"end":{"line":25,"column":1}},"loc":{"start":{"line":23,"column":24},"end":{"line":25,"column":1}},"line":23},"1":{"name":"handleFormCancel","decl":{"start":{"line":27,"column":25},"end":{"line":29,"column":1}},"loc":{"start":{"line":27,"column":25},"end":{"line":29,"column":1}},"line":27},"2":{"name":"handleSearchInput","decl":{"start":{"line":31,"column":26},"end":{"line":33,"column":1}},"loc":{"start":{"line":31,"column":26},"end":{"line":33,"column":1}},"line":31},"3":{"name":"handleClearSearch","decl":{"start":{"line":35,"column":26},"end":{"line":37,"column":1}},"loc":{"start":{"line":35,"column":26},"end":{"line":37,"column":1}},"line":35},"4":{"name":"openAddHostForm","decl":{"start":{"line":39,"column":24},"end":{"line":41,"column":1}},"loc":{"start":{"line":39,"column":24},"end":{"line":41,"column":1}},"line":39},"5":{"name":"__vite_ssr_import_7__.createElementBlock.__vite_ssr_import_7__.createVNode.onUpdate:visible._cache.<computed>._cache.<computed>","decl":{"start":{"line":71,"column":23},"end":{"line":71,"column":39}},"loc":{"start":{"line":71,"column":23},"end":{"line":71,"column":39}},"line":71}},"f":{"0":1,"1":1,"2":1,"3":1,"4":5,"5":0}}
,"/Users/dmitryorlov/Workspace/Personal/Github/splitr/frontend/src/components/NetworkHostsImportExport.vue": {"path":"/Users/dmitryorlov/Workspace/Personal/Github/splitr/frontend/src/components/NetworkHostsImportExport.vue","all":false,"statementMap":{"0":{"start":{"line":1,"column":0},"end":{"line":1,"column":24}},"7":{"start":{"line":8,"column":0},"end":{"line":8,"column":34}},"8":{"start":{"line":9,"column":0},"end":{"line":9,"column":25}},"13":{"start":{"line":14,"column":0},"end":{"line":14,"column":33}},"20":{"start":{"line":21,"column":0},"end":{"line":21,"column":34}},"22":{"start":{"line":23,"column":0},"end":{"line":23,"column":26}},"30":{"start":{"line":31,"column":0},"end":{"line":31,"column":35}},"31":{"start":{"line":32,"column":0},"end":{"line":32,"column":34}},"32":{"start":{"line":33,"column":0},"end":{"line":33,"column":34}},"33":{"start":{"line":34,"column":0},"end":{"line":34,"column":26}},"35":{"start":{"line":36,"column":0},"end":{"line":36,"column":34}},"36":{"start":{"line":37,"column":0},"end":{"line":37,"column":7}},"37":{"start":{"line":38,"column":0},"end":{"line":38,"column":24}},"38":{"start":{"line":39,"column":0},"end":{"line":39,"column":54}},"40":{"start":{"line":41,"column":0},"end":{"line":41,"column":63}},"41":{"start":{"line":42,"column":0},"end":{"line":42,"column":31}},"44":{"start":{"line":45,"column":0},"end":{"line":45,"column":99}},"45":{"start":{"line":46,"column":0},"end":{"line":46,"column":66}},"47":{"start":{"line":48,"column":0},"end":{"line":48,"column":20}},"48":{"start":{"line":49,"column":0},"end":{"line":49,"column":77}},"49":{"start":{"line":50,"column":0},"end":{"line":50,"column":5}},"51":{"start":{"line":52,"column":0},"end":{"line":52,"column":19}},"52":{"start":{"line":53,"column":0},"end":{"line":53,"column":61}},"53":{"start":{"line":54,"column":0},"end":{"line":54,"column":13}},"54":{"start":{"line":55,"column":0},"end":{"line":55,"column":25}},"55":{"start":{"line":56,"column":0},"end":{"line":56,"column":22}},"56":{"start":{"line":57,"column":0},"end":{"line":57,"column":3}},"57":{"start":{"line":58,"column":0},"end":{"line":58,"column":1}},"59":{"start":{"line":60,"column":0},"end":{"line":60,"column":34}},"60":{"start":{"line":61,"column":0},"end":{"line":61,"column":33}},"61":{"start":{"line":62,"column":0},"end":{"line":62,"column":53}},"62":{"start":{"line":63,"column":0},"end":{"line":63,"column":10}},"63":{"start":{"line":64,"column":0},"end":{"line":64,"column":3}},"65":{"start":{"line":66,"column":0},"end":{"line":66,"column":7}},"66":{"start":{"line":67,"column":0},"end":{"line":67,"column":24}},"67":{"start":{"line":68,"column":0},"end":{"line":68,"column":54}},"70":{"start":{"line":71,"column":0},"end":{"line":71,"column":32}},"72":{"start":{"line":73,"column":0},"end":{"line":73,"column":64}},"74":{"start":{"line":75,"column":0},"end":{"line":75,"column":59}},"75":{"start":{"line":76,"column":0},"end":{"line":76,"column":67}},"78":{"start":{"line":79,"column":0},"end":{"line":79,"column":25}},"79":{"start":{"line":80,"column":0},"end":{"line":80,"column":19}},"80":{"start":{"line":81,"column":0},"end":{"line":81,"column":39}},"81":{"start":{"line":82,"column":0},"end":{"line":82,"column":67}},"82":{"start":{"line":83,"column":0},"end":{"line":83,"column":12}},"83":{"start":{"line":84,"column":0},"end":{"line":84,"column":63}},"84":{"start":{"line":85,"column":0},"end":{"line":85,"column":5}},"85":{"start":{"line":86,"column":0},"end":{"line":86,"column":13}},"86":{"start":{"line":87,"column":0},"end":{"line":87,"column":25}},"87":{"start":{"line":88,"column":0},"end":{"line":88,"column":22}},"88":{"start":{"line":89,"column":0},"end":{"line":89,"column":3}},"89":{"start":{"line":90,"column":0},"end":{"line":90,"column":1}},"92":{"start":{"line":93,"column":0},"end":{"line":93,"column":44}},"93":{"start":{"line":94,"column":0},"end":{"line":94,"column":60}},"94":{"start":{"line":95,"column":0},"end":{"line":95,"column":19}},"96":{"start":{"line":97,"column":0},"end":{"line":97,"column":73}},"97":{"start":{"line":98,"column":0},"end":{"line":98,"column":46}},"98":{"start":{"line":99,"column":0},"end":{"line":99,"column":10}},"99":{"start":{"line":100,"column":0},"end":{"line":100,"column":3}},"101":{"start":{"line":102,"column":0},"end":{"line":102,"column":33}},"102":{"start":{"line":103,"column":0},"end":{"line":103,"column":24}},"103":{"start":{"line":104,"column":0},"end":{"line":104,"column":49}},"104":{"start":{"line":105,"column":0},"end":{"line":105,"column":3}},"105":{"start":{"line":106,"column":0},"end":{"line":106,"column":25}},"106":{"start":{"line":107,"column":0},"end":{"line":107,"column":1}},"109":{"start":{"line":110,"column":0},"end":{"line":110,"column":37}},"110":{"start":{"line":111,"column":0},"end":{"line":111,"column":7}},"111":{"start":{"line":112,"column":0},"end":{"line":112,"column":57}},"112":{"start":{"line":113,"column":0},"end":{"line":113,"column":55}},"113":{"start":{"line":114,"column":0},"end":{"line":114,"column":20}},"114":{"start":{"line":115,"column":0},"end":{"line":115,"column":48}},"115":{"start":{"line":116,"column":0},"end":{"line":116,"column":3}},"116":{"start":{"line":117,"column":0},"end":{"line":117,"column":1}},"120":{"start":{"line":121,"column":0},"end":{"line":121,"column":44}},"121":{"start":{"line":122,"column":0},"end":{"line":122,"column":30}},"122":{"start":{"line":123,"column":0},"end":{"line":123,"column":56}},"123":{"start":{"line":124,"column":0},"end":{"line":124,"column":19}},"124":{"start":{"line":125,"column":0},"end":{"line":125,"column":61}},"125":{"start":{"line":126,"column":0},"end":{"line":126,"column":105}},"127":{"start":{"line":128,"column":0},"end":{"line":128,"column":76}},"128":{"start":{"line":129,"column":0},"end":{"line":129,"column":77}},"129":{"start":{"line":130,"column":0},"end":{"line":130,"column":21}},"131":{"start":{"line":132,"column":0},"end":{"line":132,"column":58}},"132":{"start":{"line":133,"column":0},"end":{"line":133,"column":22}},"133":{"start":{"line":134,"column":0},"end":{"line":134,"column":39}},"134":{"start":{"line":135,"column":0},"end":{"line":135,"column":17}},"135":{"start":{"line":136,"column":0},"end":{"line":136,"column":21}},"136":{"start":{"line":137,"column":0},"end":{"line":137,"column":14}},"138":{"start":{"line":139,"column":0},"end":{"line":139,"column":36}},"139":{"start":{"line":140,"column":0},"end":{"line":140,"column":59}},"140":{"start":{"line":141,"column":0},"end":{"line":141,"column":51}},"141":{"start":{"line":142,"column":0},"end":{"line":142,"column":39}},"142":{"start":{"line":143,"column":0},"end":{"line":143,"column":39}},"143":{"start":{"line":144,"column":0},"end":{"line":144,"column":61}},"144":{"start":{"line":145,"column":0},"end":{"line":145,"column":77}},"145":{"start":{"line":146,"column":0},"end":{"line":146,"column":70}},"147":{"start":{"line":148,"column":0},"end":{"line":148,"column":29}},"148":{"start":{"line":149,"column":0},"end":{"line":149,"column":26}},"150":{"start":{"line":151,"column":0},"end":{"line":151,"column":53}},"153":{"start":{"line":154,"column":0},"end":{"line":154,"column":24}},"155":{"start":{"line":156,"column":0},"end":{"line":156,"column":27}},"156":{"start":{"line":157,"column":0},"end":{"line":157,"column":45}},"157":{"start":{"line":158,"column":0},"end":{"line":158,"column":43}},"158":{"start":{"line":159,"column":0},"end":{"line":159,"column":216}},"160":{"start":{"line":161,"column":0},"end":{"line":161,"column":68}},"162":{"start":{"line":163,"column":0},"end":{"line":163,"column":29}},"164":{"start":{"line":165,"column":0},"end":{"line":165,"column":42}},"165":{"start":{"line":166,"column":0},"end":{"line":166,"column":61}},"166":{"start":{"line":167,"column":0},"end":{"line":167,"column":71}},"167":{"start":{"line":168,"column":0},"end":{"line":168,"column":75}},"168":{"start":{"line":169,"column":0},"end":{"line":169,"column":51}},"169":{"start":{"line":170,"column":0},"end":{"line":170,"column":29}},"170":{"start":{"line":171,"column":0},"end":{"line":171,"column":35}},"171":{"start":{"line":172,"column":0},"end":{"line":172,"column":56}},"172":{"start":{"line":173,"column":0},"end":{"line":173,"column":81}},"173":{"start":{"line":174,"column":0},"end":{"line":174,"column":29}},"175":{"start":{"line":176,"column":0},"end":{"line":176,"column":37}},"176":{"start":{"line":177,"column":0},"end":{"line":177,"column":30}},"177":{"start":{"line":178,"column":0},"end":{"line":178,"column":33}},"178":{"start":{"line":179,"column":0},"end":{"line":179,"column":48}},"179":{"start":{"line":180,"column":0},"end":{"line":180,"column":36}},"180":{"start":{"line":181,"column":0},"end":{"line":181,"column":130}},"181":{"start":{"line":182,"column":0},"end":{"line":182,"column":36}},"182":{"start":{"line":183,"column":0},"end":{"line":183,"column":26}},"183":{"start":{"line":184,"column":0},"end":{"line":184,"column":22}},"185":{"start":{"line":186,"column":0},"end":{"line":186,"column":39}},"186":{"start":{"line":187,"column":0},"end":{"line":187,"column":39}},"187":{"start":{"line":188,"column":0},"end":{"line":188,"column":61}},"188":{"start":{"line":189,"column":0},"end":{"line":189,"column":80}},"189":{"start":{"line":190,"column":0},"end":{"line":190,"column":70}},"191":{"start":{"line":192,"column":0},"end":{"line":192,"column":29}},"192":{"start":{"line":193,"column":0},"end":{"line":193,"column":26}},"194":{"start":{"line":195,"column":0},"end":{"line":195,"column":53}},"197":{"start":{"line":198,"column":0},"end":{"line":198,"column":24}},"199":{"start":{"line":200,"column":0},"end":{"line":200,"column":40}},"200":{"start":{"line":201,"column":0},"end":{"line":201,"column":25}},"201":{"start":{"line":202,"column":0},"end":{"line":202,"column":30}},"202":{"start":{"line":203,"column":0},"end":{"line":203,"column":80}},"203":{"start":{"line":204,"column":0},"end":{"line":204,"column":25}},"205":{"start":{"line":206,"column":0},"end":{"line":206,"column":32}},"206":{"start":{"line":207,"column":0},"end":{"line":207,"column":30}},"207":{"start":{"line":208,"column":0},"end":{"line":208,"column":39}},"208":{"start":{"line":209,"column":0},"end":{"line":209,"column":59}},"209":{"start":{"line":210,"column":0},"end":{"line":210,"column":54}},"210":{"start":{"line":211,"column":0},"end":{"line":211,"column":218}},"211":{"start":{"line":212,"column":0},"end":{"line":212,"column":26}},"212":{"start":{"line":213,"column":0},"end":{"line":213,"column":26}},"214":{"start":{"line":215,"column":0},"end":{"line":215,"column":41}},"215":{"start":{"line":216,"column":0},"end":{"line":216,"column":25}},"216":{"start":{"line":217,"column":0},"end":{"line":217,"column":30}},"217":{"start":{"line":218,"column":0},"end":{"line":218,"column":80}},"218":{"start":{"line":219,"column":0},"end":{"line":219,"column":25}},"220":{"start":{"line":221,"column":0},"end":{"line":221,"column":32}},"221":{"start":{"line":222,"column":0},"end":{"line":222,"column":33}},"222":{"start":{"line":223,"column":0},"end":{"line":223,"column":48}},"223":{"start":{"line":224,"column":0},"end":{"line":224,"column":168}},"224":{"start":{"line":225,"column":0},"end":{"line":225,"column":201}},"225":{"start":{"line":226,"column":0},"end":{"line":226,"column":36}},"226":{"start":{"line":227,"column":0},"end":{"line":227,"column":26}},"228":{"start":{"line":229,"column":0},"end":{"line":229,"column":27}},"229":{"start":{"line":230,"column":0},"end":{"line":230,"column":45}},"230":{"start":{"line":231,"column":0},"end":{"line":231,"column":65}},"231":{"start":{"line":232,"column":0},"end":{"line":232,"column":218}},"233":{"start":{"line":234,"column":0},"end":{"line":234,"column":70}},"235":{"start":{"line":236,"column":0},"end":{"line":236,"column":29}},"236":{"start":{"line":237,"column":0},"end":{"line":237,"column":22}},"237":{"start":{"line":238,"column":0},"end":{"line":238,"column":18}},"239":{"start":{"line":240,"column":0},"end":{"line":240,"column":33}},"240":{"start":{"line":241,"column":0},"end":{"line":241,"column":74}},"241":{"start":{"line":242,"column":0},"end":{"line":242,"column":34}},"242":{"start":{"line":243,"column":0},"end":{"line":243,"column":77}},"263":{"start":{"line":264,"column":0},"end":{"line":264,"column":22}},"264":{"start":{"line":265,"column":0},"end":{"line":265,"column":18}},"265":{"start":{"line":266,"column":0},"end":{"line":266,"column":14}},"266":{"start":{"line":267,"column":0},"end":{"line":267,"column":10}}},"s":{"0":1,"7":1,"8":1,"13":1,"20":1,"22":1,"30":1,"31":1,"32":1,"33":1,"35":1,"36":12,"37":12,"38":12,"40":12,"41":11,"44":11,"45":11,"47":12,"48":10,"49":10,"51":12,"52":1,"53":12,"54":12,"55":12,"56":12,"57":12,"59":1,"60":7,"61":0,"62":0,"63":0,"65":7,"66":7,"67":7,"70":7,"72":7,"74":5,"75":5,"78":5,"79":7,"80":2,"81":1,"82":1,"83":1,"84":1,"85":7,"86":7,"87":7,"88":7,"89":7,"92":1,"93":2,"94":2,"96":2,"97":1,"98":1,"99":1,"101":1,"102":1,"103":1,"104":1,"105":1,"106":2,"109":1,"110":3,"111":3,"112":2,"113":3,"114":1,"115":1,"116":3,"120":1,"121":1,"122":1,"123":1,"124":1,"125":1,"127":1,"128":1,"129":1,"131":1,"132":1,"133":1,"134":1,"135":1,"136":1,"138":1,"139":1,"140":1,"141":1,"142":1,"143":1,"144":1,"145":41,"147":41,"148":1,"150":1,"153":41,"155":1,"156":1,"157":1,"158":1,"160":1,"162":41,"164":1,"165":1,"166":1,"167":11,"168":11,"169":1,"170":1,"171":1,"172":1,"173":1,"175":1,"176":1,"177":1,"178":1,"179":1,"180":1,"181":1,"182":1,"183":1,"185":1,"186":1,"187":1,"188":1,"189":41,"191":41,"192":1,"194":1,"197":41,"199":1,"200":1,"201":1,"202":1,"203":1,"205":1,"206":1,"207":1,"208":1,"209":1,"210":1,"211":1,"212":1,"214":1,"215":1,"216":1,"217":1,"218":1,"220":1,"221":1,"222":1,"223":1,"224":1,"225":1,"226":1,"228":1,"229":1,"230":1,"231":1,"233":1,"235":41,"236":1,"237":1,"239":1,"240":1,"241":1,"242":1,"263":1,"264":1,"265":1,"266":1},"branchMap":{"0":{"type":"branch","line":36,"loc":{"start":{"line":36,"column":21},"end":{"line":58,"column":1}},"locations":[{"start":{"line":36,"column":21},"end":{"line":58,"column":1}}]},"1":{"type":"branch","line":41,"loc":{"start":{"line":41,"column":62},"end":{"line":48,"column":19}},"locations":[{"start":{"line":41,"column":62},"end":{"line":48,"column":19}}]},"2":{"type":"branch","line":48,"loc":{"start":{"line":48,"column":19},"end":{"line":50,"column":5}},"locations":[{"start":{"line":48,"column":19},"end":{"line":50,"column":5}}]},"3":{"type":"branch","line":52,"loc":{"start":{"line":52,"column":2},"end":{"line":54,"column":4}},"locations":[{"start":{"line":52,"column":2},"end":{"line":54,"column":4}}]},"4":{"type":"branch","line":60,"loc":{"start":{"line":60,"column":21},"end":{"line":90,"column":1}},"locations":[{"start":{"line":60,"column":21},"end":{"line":90,"column":1}}]},"5":{"type":"branch","line":61,"loc":{"start":{"line":61,"column":32},"end":{"line":64,"column":3}},"locations":[{"start":{"line":61,"column":32},"end":{"line":64,"column":3}}]},"6":{"type":"branch","line":73,"loc":{"start":{"line":73,"column":63},"end":{"line":80,"column":11}},"locations":[{"start":{"line":73,"column":63},"end":{"line":80,"column":11}}]},"7":{"type":"branch","line":80,"loc":{"start":{"line":80,"column":2},"end":{"line":86,"column":4}},"locations":[{"start":{"line":80,"column":2},"end":{"line":86,"column":4}}]},"8":{"type":"branch","line":81,"loc":{"start":{"line":81,"column":38},"end":{"line":85,"column":5}},"locations":[{"start":{"line":81,"column":38},"end":{"line":85,"column":5}}]},"9":{"type":"branch","line":93,"loc":{"start":{"line":93,"column":25},"end":{"line":107,"column":1}},"locations":[{"start":{"line":93,"column":25},"end":{"line":107,"column":1}}]},"10":{"type":"branch","line":95,"loc":{"start":{"line":95,"column":13},"end":{"line":95,"column":19}},"locations":[{"start":{"line":95,"column":13},"end":{"line":95,"column":19}}]},"11":{"type":"branch","line":97,"loc":{"start":{"line":97,"column":20},"end":{"line":97,"column":72}},"locations":[{"start":{"line":97,"column":20},"end":{"line":97,"column":72}}]},"12":{"type":"branch","line":97,"loc":{"start":{"line":97,"column":72},"end":{"line":106,"column":25}},"locations":[{"start":{"line":97,"column":72},"end":{"line":106,"column":25}}]},"13":{"type":"branch","line":103,"loc":{"start":{"line":103,"column":18},"end":{"line":105,"column":3}},"locations":[{"start":{"line":103,"column":18},"end":{"line":105,"column":3}}]},"14":{"type":"branch","line":110,"loc":{"start":{"line":110,"column":24},"end":{"line":117,"column":1}},"locations":[{"start":{"line":110,"column":24},"end":{"line":117,"column":1}}]},"15":{"type":"branch","line":112,"loc":{"start":{"line":112,"column":56},"end":{"line":114,"column":11}},"locations":[{"start":{"line":112,"column":56},"end":{"line":114,"column":11}}]},"16":{"type":"branch","line":114,"loc":{"start":{"line":114,"column":2},"end":{"line":116,"column":3}},"locations":[{"start":{"line":114,"column":2},"end":{"line":116,"column":3}}]},"17":{"type":"branch","line":128,"loc":{"start":{"line":128,"column":40},"end":{"line":128,"column":76}},"locations":[{"start":{"line":128,"column":40},"end":{"line":128,"column":76}}]},"18":{"type":"branch","line":128,"loc":{"start":{"line":128,"column":64},"end":{"line":128,"column":76}},"locations":[{"start":{"line":128,"column":64},"end":{"line":128,"column":76}}]},"19":{"type":"branch","line":129,"loc":{"start":{"line":129,"column":41},"end":{"line":129,"column":77}},"locations":[{"start":{"line":129,"column":41},"end":{"line":129,"column":77}}]},"20":{"type":"branch","line":129,"loc":{"start":{"line":129,"column":65},"end":{"line":129,"column":77}},"locations":[{"start":{"line":129,"column":65},"end":{"line":129,"column":77}}]},"21":{"type":"branch","line":145,"loc":{"start":{"line":145,"column":74},"end":{"line":148,"column":29}},"locations":[{"start":{"line":145,"column":74},"end":{"line":148,"column":29}}]},"22":{"type":"branch","line":151,"loc":{"start":{"line":151,"column":20},"end":{"line":154,"column":24}},"locations":[{"start":{"line":151,"column":20},"end":{"line":154,"column":24}}]},"23":{"type":"branch","line":161,"loc":{"start":{"line":161,"column":65},"end":{"line":163,"column":29}},"locations":[{"start":{"line":161,"column":65},"end":{"line":163,"column":29}}]},"24":{"type":"branch","line":167,"loc":{"start":{"line":167,"column":70},"end":{"line":169,"column":51}},"locations":[{"start":{"line":167,"column":70},"end":{"line":169,"column":51}}]},"25":{"type":"branch","line":189,"loc":{"start":{"line":189,"column":77},"end":{"line":192,"column":29}},"locations":[{"start":{"line":189,"column":77},"end":{"line":192,"column":29}}]},"26":{"type":"branch","line":195,"loc":{"start":{"line":195,"column":20},"end":{"line":198,"column":24}},"locations":[{"start":{"line":195,"column":20},"end":{"line":198,"column":24}}]},"27":{"type":"branch","line":231,"loc":{"start":{"line":231,"column":35},"end":{"line":231,"column":65}},"locations":[{"start":{"line":231,"column":35},"end":{"line":231,"column":65}}]},"28":{"type":"branch","line":234,"loc":{"start":{"line":234,"column":67},"end":{"line":236,"column":29}},"locations":[{"start":{"line":234,"column":67},"end":{"line":236,"column":29}}]},"29":{"type":"branch","line":243,"loc":{"start":{"line":243,"column":74},"end":{"line":243,"column":77}},"locations":[{"start":{"line":243,"column":74},"end":{"line":243,"column":77}}]}},"b":{"0":[12],"1":[11],"2":[10],"3":[1],"4":[7],"5":[0],"6":[5],"7":[2],"8":[1],"9":[2],"10":[0],"11":[1],"12":[1],"13":[1],"14":[3],"15":[2],"16":[1],"17":[47],"18":[98],"19":[98],"20":[47],"21":[41],"22":[41],"23":[41],"24":[11],"25":[41],"26":[41],"27":[69],"28":[41],"29":[41]},"fnMap":{"0":{"name":"handleExport","decl":{"start":{"line":36,"column":21},"end":{"line":58,"column":1}},"loc":{"start":{"line":36,"column":21},"end":{"line":58,"column":1}},"line":36},"1":{"name":"handleImport","decl":{"start":{"line":60,"column":21},"end":{"line":90,"column":1}},"loc":{"start":{"line":60,"column":21},"end":{"line":90,"column":1}},"line":60},"2":{"name":"handleFileUpload","decl":{"start":{"line":93,"column":25},"end":{"line":107,"column":1}},"loc":{"start":{"line":93,"column":25},"end":{"line":107,"column":1}},"line":93},"3":{"name":"reader.onload","decl":{"start":{"line":103,"column":18},"end":{"line":105,"column":3}},"loc":{"start":{"line":103,"column":18},"end":{"line":105,"column":3}},"line":103},"4":{"name":"copyToClipboard","decl":{"start":{"line":110,"column":24},"end":{"line":117,"column":1}},"loc":{"start":{"line":110,"column":24},"end":{"line":117,"column":1}},"line":110}},"f":{"0":12,"1":7,"2":2,"3":1,"4":3}}
,"/Users/dmitryorlov/Workspace/Personal/Github/splitr/frontend/src/components/NetworkHostsScreen.vue": {"path":"/Users/dmitryorlov/Workspace/Personal/Github/splitr/frontend/src/components/NetworkHostsScreen.vue","all":false,"statementMap":{"0":{"start":{"line":1,"column":0},"end":{"line":1,"column":24}},"1":{"start":{"line":2,"column":0},"end":{"line":2,"column":88}},"2":{"start":{"line":3,"column":0},"end":{"line":3,"column":59}},"3":{"start":{"line":4,"column":0},"end":{"line":4,"column":86}},"4":{"start":{"line":5,"column":0},"end":{"line":5,"column":45}},"5":{"start":{"line":6,"column":0},"end":{"line":6,"column":62}},"7":{"start":{"line":8,"column":0},"end":{"line":8,"column":69}},"15":{"start":{"line":16,"column":0},"end":{"line":16,"column":34}},"18":{"start":{"line":19,"column":0},"end":{"line":19,"column":26}},"25":{"start":{"line":26,"column":0},"end":{"line":26,"column":48}},"26":{"start":{"line":27,"column":0},"end":{"line":27,"column":34}},"28":{"start":{"line":29,"column":0},"end":{"line":29,"column":41}},"30":{"start":{"line":31,"column":0},"end":{"line":31,"column":63}},"31":{"start":{"line":32,"column":0},"end":{"line":32,"column":79}},"32":{"start":{"line":33,"column":0},"end":{"line":33,"column":73}},"34":{"start":{"line":35,"column":0},"end":{"line":35,"column":70}},"35":{"start":{"line":36,"column":0},"end":{"line":36,"column":38}},"36":{"start":{"line":37,"column":0},"end":{"line":37,"column":1}},"38":{"start":{"line":39,"column":0},"end":{"line":39,"column":32}},"39":{"start":{"line":40,"column":0},"end":{"line":40,"column":38}},"40":{"start":{"line":41,"column":0},"end":{"line":41,"column":1}},"42":{"start":{"line":43,"column":0},"end":{"line":43,"column":46}},"43":{"start":{"line":44,"column":0},"end":{"line":44,"column":40}},"44":{"start":{"line":45,"column":0},"end":{"line":45,"column":1}},"46":{"start":{"line":47,"column":0},"end":{"line":47,"column":33}},"47":{"start":{"line":48,"column":0},"end":{"line":48,"column":33}},"48":{"start":{"line":49,"column":0},"end":{"line":49,"column":1}},"50":{"start":{"line":51,"column":0},"end":{"line":51,"column":38}},"51":{"start":{"line":52,"column":0},"end":{"line":52,"column":37}},"52":{"start":{"line":53,"column":0},"end":{"line":53,"column":1}},"54":{"start":{"line":55,"column":0},"end":{"line":55,"column":52}},"56":{"start":{"line":57,"column":0},"end":{"line":57,"column":61}},"57":{"start":{"line":58,"column":0},"end":{"line":58,"column":1}},"60":{"start":{"line":61,"column":0},"end":{"line":61,"column":61}},"61":{"start":{"line":62,"column":0},"end":{"line":62,"column":31}},"62":{"start":{"line":63,"column":0},"end":{"line":63,"column":1}},"64":{"start":{"line":65,"column":0},"end":{"line":65,"column":44}},"65":{"start":{"line":66,"column":0},"end":{"line":66,"column":20}},"66":{"start":{"line":67,"column":0},"end":{"line":67,"column":1}},"68":{"start":{"line":69,"column":0},"end":{"line":69,"column":54}},"69":{"start":{"line":70,"column":0},"end":{"line":70,"column":24}},"70":{"start":{"line":71,"column":0},"end":{"line":71,"column":1}},"72":{"start":{"line":73,"column":0},"end":{"line":73,"column":56}},"73":{"start":{"line":74,"column":0},"end":{"line":74,"column":26}},"74":{"start":{"line":75,"column":0},"end":{"line":75,"column":1}},"76":{"start":{"line":77,"column":0},"end":{"line":77,"column":23}},"77":{"start":{"line":78,"column":0},"end":{"line":78,"column":50}},"78":{"start":{"line":79,"column":0},"end":{"line":79,"column":7}},"79":{"start":{"line":80,"column":0},"end":{"line":80,"column":23}},"80":{"start":{"line":81,"column":0},"end":{"line":81,"column":30}},"81":{"start":{"line":82,"column":0},"end":{"line":82,"column":60}},"82":{"start":{"line":83,"column":0},"end":{"line":83,"column":6}},"83":{"start":{"line":84,"column":0},"end":{"line":84,"column":13}},"84":{"start":{"line":85,"column":0},"end":{"line":85,"column":22}},"85":{"start":{"line":86,"column":0},"end":{"line":86,"column":3}},"86":{"start":{"line":87,"column":0},"end":{"line":87,"column":2}},"88":{"start":{"line":89,"column":0},"end":{"line":89,"column":19}},"89":{"start":{"line":90,"column":0},"end":{"line":90,"column":39}},"90":{"start":{"line":91,"column":0},"end":{"line":91,"column":2}},"94":{"start":{"line":95,"column":0},"end":{"line":95,"column":25}},"95":{"start":{"line":96,"column":0},"end":{"line":96,"column":36}},"96":{"start":{"line":97,"column":0},"end":{"line":97,"column":51}},"97":{"start":{"line":98,"column":0},"end":{"line":98,"column":47}},"98":{"start":{"line":99,"column":0},"end":{"line":99,"column":15}},"99":{"start":{"line":100,"column":0},"end":{"line":100,"column":33}},"100":{"start":{"line":101,"column":0},"end":{"line":101,"column":84}},"102":{"start":{"line":103,"column":0},"end":{"line":103,"column":43}},"103":{"start":{"line":104,"column":0},"end":{"line":104,"column":17}},"104":{"start":{"line":105,"column":0},"end":{"line":105,"column":13}},"105":{"start":{"line":106,"column":0},"end":{"line":106,"column":55}},"106":{"start":{"line":107,"column":0},"end":{"line":107,"column":45}},"107":{"start":{"line":108,"column":0},"end":{"line":108,"column":15}},"108":{"start":{"line":109,"column":0},"end":{"line":109,"column":68}},"109":{"start":{"line":110,"column":0},"end":{"line":110,"column":14}},"110":{"start":{"line":111,"column":0},"end":{"line":111,"column":12}},"111":{"start":{"line":112,"column":0},"end":{"line":112,"column":13}},"112":{"start":{"line":113,"column":0},"end":{"line":113,"column":39}},"113":{"start":{"line":114,"column":0},"end":{"line":114,"column":158}},"115":{"start":{"line":116,"column":0},"end":{"line":116,"column":41}},"117":{"start":{"line":118,"column":0},"end":{"line":118,"column":15}},"118":{"start":{"line":119,"column":0},"end":{"line":119,"column":10}},"120":{"start":{"line":121,"column":0},"end":{"line":121,"column":32}},"121":{"start":{"line":122,"column":0},"end":{"line":122,"column":29}},"122":{"start":{"line":123,"column":0},"end":{"line":123,"column":24}},"123":{"start":{"line":124,"column":0},"end":{"line":124,"column":38}},"124":{"start":{"line":125,"column":0},"end":{"line":125,"column":42}},"125":{"start":{"line":126,"column":0},"end":{"line":126,"column":53}},"126":{"start":{"line":127,"column":0},"end":{"line":127,"column":49}},"127":{"start":{"line":128,"column":0},"end":{"line":128,"column":53}},"128":{"start":{"line":129,"column":0},"end":{"line":129,"column":6}},"130":{"start":{"line":131,"column":0},"end":{"line":131,"column":34}},"131":{"start":{"line":132,"column":0},"end":{"line":132,"column":20}},"132":{"start":{"line":133,"column":0},"end":{"line":133,"column":46}},"133":{"start":{"line":134,"column":0},"end":{"line":134,"column":30}},"134":{"start":{"line":135,"column":0},"end":{"line":135,"column":50}},"135":{"start":{"line":136,"column":0},"end":{"line":136,"column":32}},"136":{"start":{"line":137,"column":0},"end":{"line":137,"column":6}},"138":{"start":{"line":139,"column":0},"end":{"line":139,"column":25}},"139":{"start":{"line":140,"column":0},"end":{"line":140,"column":16}},"140":{"start":{"line":141,"column":0},"end":{"line":141,"column":36}},"141":{"start":{"line":142,"column":0},"end":{"line":142,"column":31}},"142":{"start":{"line":143,"column":0},"end":{"line":143,"column":39}},"143":{"start":{"line":144,"column":0},"end":{"line":144,"column":24}},"144":{"start":{"line":145,"column":0},"end":{"line":145,"column":61}},"145":{"start":{"line":146,"column":0},"end":{"line":146,"column":45}},"146":{"start":{"line":147,"column":0},"end":{"line":147,"column":32}},"147":{"start":{"line":148,"column":0},"end":{"line":148,"column":6}},"149":{"start":{"line":150,"column":0},"end":{"line":150,"column":31}},"150":{"start":{"line":151,"column":0},"end":{"line":151,"column":20}},"151":{"start":{"line":152,"column":0},"end":{"line":152,"column":41}},"152":{"start":{"line":153,"column":0},"end":{"line":153,"column":42}},"153":{"start":{"line":154,"column":0},"end":{"line":154,"column":31}},"154":{"start":{"line":155,"column":0},"end":{"line":155,"column":34}},"155":{"start":{"line":156,"column":0},"end":{"line":156,"column":6}},"156":{"start":{"line":157,"column":0},"end":{"line":157,"column":8}}},"s":{"0":1,"1":1,"2":1,"3":1,"4":1,"5":1,"7":1,"15":1,"18":1,"25":1,"26":1,"28":1,"30":1,"31":1,"32":1,"34":1,"35":1,"36":1,"38":1,"39":1,"40":1,"42":1,"43":1,"44":1,"46":1,"47":1,"48":1,"50":1,"51":6,"52":6,"54":1,"56":1,"57":1,"60":1,"61":1,"62":1,"64":1,"65":1,"66":1,"68":1,"69":1,"70":1,"72":1,"73":1,"74":1,"76":1,"77":50,"78":50,"79":50,"80":50,"81":50,"82":50,"83":50,"84":50,"85":50,"86":1,"88":1,"89":2,"90":1,"94":1,"95":1,"96":1,"97":1,"98":1,"99":1,"100":1,"102":1,"103":1,"104":1,"105":1,"106":1,"107":50,"108":50,"109":1,"110":1,"111":1,"112":1,"113":1,"115":1,"117":50,"118":1,"120":1,"121":1,"122":1,"123":1,"124":1,"125":1,"126":1,"127":1,"128":1,"130":1,"131":1,"132":1,"133":1,"134":1,"135":1,"136":1,"138":1,"139":1,"140":1,"141":52,"142":52,"143":52,"144":52,"145":52,"146":52,"147":1,"149":1,"150":1,"151":1,"152":1,"153":1,"154":1,"155":1,"156":1},"branchMap":{"0":{"type":"branch","line":31,"loc":{"start":{"line":31,"column":28},"end":{"line":31,"column":62}},"locations":[{"start":{"line":31,"column":28},"end":{"line":31,"column":62}}]},"1":{"type":"branch","line":32,"loc":{"start":{"line":32,"column":36},"end":{"line":32,"column":78}},"locations":[{"start":{"line":32,"column":36},"end":{"line":32,"column":78}}]},"2":{"type":"branch","line":33,"loc":{"start":{"line":33,"column":35},"end":{"line":33,"column":72}},"locations":[{"start":{"line":33,"column":35},"end":{"line":33,"column":72}}]},"3":{"type":"branch","line":35,"loc":{"start":{"line":35,"column":31},"end":{"line":37,"column":1}},"locations":[{"start":{"line":35,"column":31},"end":{"line":37,"column":1}}]},"4":{"type":"branch","line":39,"loc":{"start":{"line":39,"column":25},"end":{"line":41,"column":1}},"locations":[{"start":{"line":39,"column":25},"end":{"line":41,"column":1}}]},"5":{"type":"branch","line":43,"loc":{"start":{"line":43,"column":26},"end":{"line":45,"column":1}},"locations":[{"start":{"line":43,"column":26},"end":{"line":45,"column":1}}]},"6":{"type":"branch","line":47,"loc":{"start":{"line":47,"column":26},"end":{"line":49,"column":1}},"locations":[{"start":{"line":47,"column":26},"end":{"line":49,"column":1}}]},"7":{"type":"branch","line":51,"loc":{"start":{"line":51,"column":31},"end":{"line":53,"column":1}},"locations":[{"start":{"line":51,"column":31},"end":{"line":53,"column":1}}]},"8":{"type":"branch","line":55,"loc":{"start":{"line":55,"column":39},"end":{"line":58,"column":1}},"locations":[{"start":{"line":55,"column":39},"end":{"line":58,"column":1}}]},"9":{"type":"branch","line":61,"loc":{"start":{"line":61,"column":39},"end":{"line":63,"column":1}},"locations":[{"start":{"line":61,"column":39},"end":{"line":63,"column":1}}]},"10":{"type":"branch","line":65,"loc":{"start":{"line":65,"column":37},"end":{"line":67,"column":1}},"locations":[{"start":{"line":65,"column":37},"end":{"line":67,"column":1}}]},"11":{"type":"branch","line":69,"loc":{"start":{"line":69,"column":32},"end":{"line":71,"column":1}},"locations":[{"start":{"line":69,"column":32},"end":{"line":71,"column":1}}]},"12":{"type":"branch","line":73,"loc":{"start":{"line":73,"column":34},"end":{"line":75,"column":1}},"locations":[{"start":{"line":73,"column":34},"end":{"line":75,"column":1}}]},"13":{"type":"branch","line":77,"loc":{"start":{"line":77,"column":10},"end":{"line":87,"column":1}},"locations":[{"start":{"line":77,"column":10},"end":{"line":87,"column":1}}]},"14":{"type":"branch","line":89,"loc":{"start":{"line":89,"column":12},"end":{"line":91,"column":1}},"locations":[{"start":{"line":89,"column":12},"end":{"line":91,"column":1}}]},"15":{"type":"branch","line":107,"loc":{"start":{"line":107,"column":42},"end":{"line":109,"column":68}},"locations":[{"start":{"line":107,"column":42},"end":{"line":109,"column":68}}]},"16":{"type":"branch","line":116,"loc":{"start":{"line":116,"column":38},"end":{"line":118,"column":15}},"locations":[{"start":{"line":116,"column":38},"end":{"line":118,"column":15}}]},"17":{"type":"branch","line":133,"loc":{"start":{"line":133,"column":23},"end":{"line":133,"column":46}},"locations":[{"start":{"line":133,"column":23},"end":{"line":133,"column":46}}]},"18":{"type":"branch","line":141,"loc":{"start":{"line":141,"column":13},"end":{"line":147,"column":32}},"locations":[{"start":{"line":141,"column":13},"end":{"line":147,"column":32}}]},"19":{"type":"branch","line":147,"loc":{"start":{"line":147,"column":14},"end":{"line":147,"column":32}},"locations":[{"start":{"line":147,"column":14},"end":{"line":147,"column":32}}]}},"b":{"0":[50],"1":[50],"2":[50],"3":[1],"4":[1],"5":[1],"6":[1],"7":[6],"8":[1],"9":[1],"10":[1],"11":[1],"12":[1],"13":[50],"14":[2],"15":[50],"16":[50],"17":[50],"18":[52],"19":[6]},"fnMap":{"0":{"name":"handleNetworkHostAdded","decl":{"start":{"line":35,"column":31},"end":{"line":37,"column":1}},"loc":{"start":{"line":35,"column":31},"end":{"line":37,"column":1}},"line":35},"1":{"name":"handleFormCancel","decl":{"start":{"line":39,"column":25},"end":{"line":41,"column":1}},"loc":{"start":{"line":39,"column":25},"end":{"line":41,"column":1}},"line":39},"2":{"name":"handleSearchInput","decl":{"start":{"line":43,"column":26},"end":{"line":45,"column":1}},"loc":{"start":{"line":43,"column":26},"end":{"line":45,"column":1}},"line":43},"3":{"name":"handleClearSearch","decl":{"start":{"line":47,"column":26},"end":{"line":49,"column":1}},"loc":{"start":{"line":47,"column":26},"end":{"line":49,"column":1}},"line":47},"4":{"name":"openAddNetworkHostForm","decl":{"start":{"line":51,"column":31},"end":{"line":53,"column":1}},"loc":{"start":{"line":51,"column":31},"end":{"line":53,"column":1}},"line":51},"5":{"name":"handleImportExportHostsUpdated","decl":{"start":{"line":55,"column":39},"end":{"line":58,"column":1}},"loc":{"start":{"line":55,"column":39},"end":{"line":58,"column":1}},"line":55},"6":{"name":"handleImportExportLoadingStart","decl":{"start":{"line":61,"column":39},"end":{"line":63,"column":1}},"loc":{"start":{"line":61,"column":39},"end":{"line":63,"column":1}},"line":61},"7":{"name":"handleImportExportLoadingEnd","decl":{"start":{"line":65,"column":37},"end":{"line":67,"column":1}},"loc":{"start":{"line":65,"column":37},"end":{"line":67,"column":1}},"line":65},"8":{"name":"handleImportExportError","decl":{"start":{"line":69,"column":32},"end":{"line":71,"column":1}},"loc":{"start":{"line":69,"column":32},"end":{"line":71,"column":1}},"line":69},"9":{"name":"handleImportExportSuccess","decl":{"start":{"line":73,"column":34},"end":{"line":75,"column":1}},"loc":{"start":{"line":73,"column":34},"end":{"line":75,"column":1}},"line":73},"10":{"name":"__vite_ssr_import_7__.createElementBlock.__vite_ssr_import_7__.createVNode.onUpdate:visible._cache.<computed>._cache.<computed>","decl":{"start":{"line":133,"column":23},"end":{"line":133,"column":46}},"loc":{"start":{"line":133,"column":23},"end":{"line":133,"column":46}},"line":133}},"f":{"0":1,"1":1,"2":1,"3":1,"4":6,"5":1,"6":1,"7":1,"8":1,"9":1,"10":0}}
,"/Users/dmitryorlov/Workspace/Personal/Github/splitr/frontend/src/components/NetworksScreen.vue": {"path":"/Users/dmitryorlov/Workspace/Personal/Github/splitr/frontend/src/components/NetworksScreen.vue","all":false,"statementMap":{"0":{"start":{"line":1,"column":0},"end":{"line":1,"column":24}},"1":{"start":{"line":2,"column":0},"end":{"line":2,"column":52}},"2":{"start":{"line":3,"column":0},"end":{"line":3,"column":46}},"3":{"start":{"line":4,"column":0},"end":{"line":4,"column":72}},"4":{"start":{"line":5,"column":0},"end":{"line":5,"column":72}},"5":{"start":{"line":6,"column":0},"end":{"line":6,"column":45}},"6":{"start":{"line":7,"column":0},"end":{"line":7,"column":43}},"15":{"start":{"line":16,"column":0},"end":{"line":16,"column":34}},"18":{"start":{"line":19,"column":0},"end":{"line":19,"column":26}},"23":{"start":{"line":24,"column":0},"end":{"line":24,"column":40}},"25":{"start":{"line":26,"column":0},"end":{"line":26,"column":37}},"27":{"start":{"line":28,"column":0},"end":{"line":28,"column":59}},"28":{"start":{"line":29,"column":0},"end":{"line":29,"column":67}},"29":{"start":{"line":30,"column":0},"end":{"line":30,"column":69}},"31":{"start":{"line":32,"column":0},"end":{"line":32,"column":68}},"32":{"start":{"line":33,"column":0},"end":{"line":33,"column":32}},"33":{"start":{"line":34,"column":0},"end":{"line":34,"column":1}},"35":{"start":{"line":36,"column":0},"end":{"line":36,"column":61}},"36":{"start":{"line":37,"column":0},"end":{"line":37,"column":47}},"37":{"start":{"line":38,"column":0},"end":{"line":38,"column":34}},"38":{"start":{"line":39,"column":0},"end":{"line":39,"column":1}},"40":{"start":{"line":41,"column":0},"end":{"line":41,"column":32}},"41":{"start":{"line":42,"column":0},"end":{"line":42,"column":34}},"42":{"start":{"line":43,"column":0},"end":{"line":43,"column":1}},"44":{"start":{"line":45,"column":0},"end":{"line":45,"column":46}},"45":{"start":{"line":46,"column":0},"end":{"line":46,"column":36}},"46":{"start":{"line":47,"column":0},"end":{"line":47,"column":1}},"48":{"start":{"line":49,"column":0},"end":{"line":49,"column":33}},"49":{"start":{"line":50,"column":0},"end":{"line":50,"column":29}},"50":{"start":{"line":51,"column":0},"end":{"line":51,"column":1}},"52":{"start":{"line":53,"column":0},"end":{"line":53,"column":34}},"53":{"start":{"line":54,"column":0},"end":{"line":54,"column":33}},"54":{"start":{"line":55,"column":0},"end":{"line":55,"column":1}},"56":{"start":{"line":57,"column":0},"end":{"line":57,"column":23}},"57":{"start":{"line":58,"column":0},"end":{"line":58,"column":37}},"58":{"start":{"line":59,"column":0},"end":{"line":59,"column":2}},"62":{"start":{"line":63,"column":0},"end":{"line":63,"column":25}},"63":{"start":{"line":64,"column":0},"end":{"line":64,"column":19}},"64":{"start":{"line":65,"column":0},"end":{"line":65,"column":51}},"65":{"start":{"line":66,"column":0},"end":{"line":66,"column":11}},"66":{"start":{"line":67,"column":0},"end":{"line":67,"column":66}},"67":{"start":{"line":68,"column":0},"end":{"line":68,"column":57}},"68":{"start":{"line":69,"column":0},"end":{"line":69,"column":12}},"69":{"start":{"line":70,"column":0},"end":{"line":70,"column":13}},"70":{"start":{"line":71,"column":0},"end":{"line":71,"column":35}},"71":{"start":{"line":72,"column":0},"end":{"line":72,"column":158}},"73":{"start":{"line":74,"column":0},"end":{"line":74,"column":41}},"75":{"start":{"line":76,"column":0},"end":{"line":76,"column":15}},"76":{"start":{"line":77,"column":0},"end":{"line":77,"column":10}},"78":{"start":{"line":79,"column":0},"end":{"line":79,"column":29}},"79":{"start":{"line":80,"column":0},"end":{"line":80,"column":16}},"80":{"start":{"line":81,"column":0},"end":{"line":81,"column":42}},"81":{"start":{"line":82,"column":0},"end":{"line":82,"column":41}},"82":{"start":{"line":83,"column":0},"end":{"line":83,"column":32}},"83":{"start":{"line":84,"column":0},"end":{"line":84,"column":6}},"85":{"start":{"line":86,"column":0},"end":{"line":86,"column":25}},"86":{"start":{"line":87,"column":0},"end":{"line":87,"column":16}},"87":{"start":{"line":88,"column":0},"end":{"line":88,"column":32}},"88":{"start":{"line":89,"column":0},"end":{"line":89,"column":31}},"89":{"start":{"line":90,"column":0},"end":{"line":90,"column":39}},"90":{"start":{"line":91,"column":0},"end":{"line":91,"column":27}},"91":{"start":{"line":92,"column":0},"end":{"line":92,"column":46}},"92":{"start":{"line":93,"column":0},"end":{"line":93,"column":45}},"93":{"start":{"line":94,"column":0},"end":{"line":94,"column":32}},"94":{"start":{"line":95,"column":0},"end":{"line":95,"column":6}},"96":{"start":{"line":97,"column":0},"end":{"line":97,"column":26}},"97":{"start":{"line":98,"column":0},"end":{"line":98,"column":16}},"98":{"start":{"line":99,"column":0},"end":{"line":99,"column":32}},"99":{"start":{"line":100,"column":0},"end":{"line":100,"column":38}},"100":{"start":{"line":101,"column":0},"end":{"line":101,"column":31}},"101":{"start":{"line":102,"column":0},"end":{"line":102,"column":43}},"102":{"start":{"line":103,"column":0},"end":{"line":103,"column":6}},"103":{"start":{"line":104,"column":0},"end":{"line":104,"column":8}}},"s":{"0":1,"1":1,"2":1,"3":1,"4":1,"5":1,"6":1,"15":1,"18":1,"23":1,"25":1,"27":1,"28":1,"29":1,"31":1,"32":2,"33":2,"35":1,"36":3,"37":3,"38":3,"40":1,"41":1,"42":1,"44":1,"45":1,"46":1,"48":1,"49":1,"50":1,"52":1,"53":7,"54":7,"56":1,"57":39,"58":1,"62":1,"63":1,"64":1,"65":1,"66":1,"67":1,"68":1,"69":1,"70":1,"71":1,"73":1,"75":39,"76":1,"78":1,"79":1,"80":1,"81":1,"82":1,"83":1,"85":1,"86":1,"87":1,"88":43,"89":43,"90":43,"91":43,"92":43,"93":43,"94":1,"96":1,"97":1,"98":1,"99":1,"100":1,"101":1,"102":1,"103":1},"branchMap":{"0":{"type":"branch","line":28,"loc":{"start":{"line":28,"column":28},"end":{"line":28,"column":58}},"locations":[{"start":{"line":28,"column":28},"end":{"line":28,"column":58}}]},"1":{"type":"branch","line":29,"loc":{"start":{"line":29,"column":32},"end":{"line":29,"column":66}},"locations":[{"start":{"line":29,"column":32},"end":{"line":29,"column":66}}]},"2":{"type":"branch","line":30,"loc":{"start":{"line":30,"column":35},"end":{"line":30,"column":68}},"locations":[{"start":{"line":30,"column":35},"end":{"line":30,"column":68}}]},"3":{"type":"branch","line":32,"loc":{"start":{"line":32,"column":28},"end":{"line":34,"column":1}},"locations":[{"start":{"line":32,"column":28},"end":{"line":34,"column":1}}]},"4":{"type":"branch","line":36,"loc":{"start":{"line":36,"column":27},"end":{"line":39,"column":1}},"locations":[{"start":{"line":36,"column":27},"end":{"line":39,"column":1}}]},"5":{"type":"branch","line":41,"loc":{"start":{"line":41,"column":25},"end":{"line":43,"column":1}},"locations":[{"start":{"line":41,"column":25},"end":{"line":43,"column":1}}]},"6":{"type":"branch","line":45,"loc":{"start":{"line":45,"column":26},"end":{"line":47,"column":1}},"locations":[{"start":{"line":45,"column":26},"end":{"line":47,"column":1}}]},"7":{"type":"branch","line":49,"loc":{"start":{"line":49,"column":26},"end":{"line":51,"column":1}},"locations":[{"start":{"line":49,"column":26},"end":{"line":51,"column":1}}]},"8":{"type":"branch","line":53,"loc":{"start":{"line":53,"column":27},"end":{"line":55,"column":1}},"locations":[{"start":{"line":53,"column":27},"end":{"line":55,
[...]
,"/Users/dmitryorlov/Workspace/Personal/Github/splitr/frontend/src/utils/constants.ts": {"path":"/Users/dmitryorlov/Workspace/Personal/Github/splitr/frontend/src/utils/constants.ts","all":false,"statementMap":{"0":{"start":{"line":1,"column":0},"end":{"line":1,"column":29}},"1":{"start":{"line":2,"column":0},"end":{"line":2,"column":26}},"2":{"start":{"line":3,"column":0},"end":{"line":3,"column":18}},"3":{"start":{"line":4,"column":0},"end":{"line":4,"column":16}},"4":{"start":{"line":5,"column":0},"end":{"line":5,"column":18}},"5":{"start":{"line":6,"column":0},"end":{"line":6,"column":15}},"6":{"start":{"line":7,"column":0},"end":{"line":7,"column":4}},"8":{"start":{"line":9,"column":0},"end":{"line":9,"column":19}},"9":{"start":{"line":10,"column":0},"end":{"line":10,"column":16}},"10":{"start":{"line":11,"column":0},"end":{"line":11,"column":15}},"11":{"start":{"line":12,"column":0},"end":{"line":12,"column":4}},"12":{"start":{"line":13,"column":0},"end":{"line":13,"column":10}},"14":{"start":{"line":15,"column":0},"end":{"line":15,"column":30}},"15":{"start":{"line":16,"column":0},"end":{"line":16,"column":25}},"16":{"start":{"line":17,"column":0},"end":{"line":17,"column":10}},"18":{"start":{"line":19,"column":0},"end":{"line":19,"column":37}},"19":{"start":{"line":20,"column":0},"end":{"line":20,"column":17}},"20":{"start":{"line":21,"column":0},"end":{"line":21,"column":18}},"21":{"start":{"line":22,"column":0},"end":{"line":22,"column":19}},"22":{"start":{"line":23,"column":0},"end":{"line":23,"column":63}},"23":{"start":{"line":24,"column":0},"end":{"line":24,"column":4}},"25":{"start":{"line":26,"column":0},"end":{"line":26,"column":15}},"26":{"start":{"line":27,"column":0},"end":{"line":27,"column":12}},"27":{"start":{"line":28,"column":0},"end":{"line":28,"column":100}},"28":{"start":{"line":29,"column":0},"end":{"line":29,"column":4}},"30":{"start":{"line":31,"column":0},"end":{"line":31,"column":13}},"31":{"start":{"line":32,"column":0},"end":{"line":32,"column":12}},"32":{"start":{"line":33,"column":0},"end":{"line":33,"column":102}},"33":{"start":{"line":34,"column":0},"end":{"line":34,"column":4}},"35":{"start":{"line":36,"column":0},"end":{"line":36,"column":16}},"36":{"start":{"line":37,"column":0},"end":{"line":37,"column":20}},"37":{"start":{"line":38,"column":0},"end":{"line":38,"column":4}},"38":{"start":{"line":39,"column":0},"end":{"line":39,"column":10}},"40":{"start":{"line":41,"column":0},"end":{"line":41,"column":24}},"41":{"start":{"line":42,"column":0},"end":{"line":42,"column":23}},"42":{"start":{"line":43,"column":0},"end":{"line":43,"column":17}},"43":{"start":{"line":44,"column":0},"end":{"line":44,"column":32}},"44":{"start":{"line":45,"column":0},"end":{"line":45,"column":10}},"46":{"start":{"line":47,"column":0},"end":{"line":47,"column":32}},"47":{"start":{"line":48,"column":0},"end":{"line":48,"column":21}},"48":{"start":{"line":49,"column":0},"end":{"line":49,"column":25}},"49":{"start":{"line":50,"column":0},"end":{"line":50,"column":19}},"50":{"start":{"line":51,"column":0},"end":{"line":51,"column":17}},"51":{"start":{"line":52,"column":0},"end":{"line":52,"column":21}},"52":{"start":{"line":53,"column":0},"end":{"line":53,"column":10}},"54":{"start":{"line":55,"column":0},"end":{"line":55,"column":35}},"55":{"start":{"line":56,"column":0},"end":{"line":56,"column":21}},"56":{"start":{"line":57,"column":0},"end":{"line":57,"column":17}},"57":{"start":{"line":58,"column":0},"end":{"line":58,"column":21}},"58":{"start":{"line":59,"column":0},"end":{"line":59,"column":15}},"59":{"start":{"line":60,"column":0},"end":{"line":60,"column":10}},"61":{"start":{"line":62,"column":0},"end":{"line":62,"column":31}},"62":{"start":{"line":63,"column":0},"end":{"line":63,"column":15}},"63":{"start":{"line":64,"column":0},"end":{"line":64,"column":21}},"64":{"start":{"line":65,"column":0},"end":{"line":65,"column":21}},"65":{"start":{"line":66,"column":0},"end":{"line":66,"column":17}},"66":{"start":{"line":67,"column":0},"end":{"line":67,"column":10}},"68":{"start":{"line":69,"column":0},"end":{"line":69,"column":29}},"69":{"start":{"line":70,"column":0},"end":{"line":70,"column":24}},"70":{"start":{"line":71,"column":0},"end":{"line":71,"column":50}},"71":{"start":{"line":72,"column":0},"end":{"line":72,"column":46}},"72":{"start":{"line":73,"column":0},"end":{"line":73,"column":10}}},"s":{"0":1,"1":1,"2":1,"3":1,"4":1,"5":1,"6":1,"8":1,"9":1,"10":1,"11":1,"12":1,"14":1,"15":1,"16":1,"18":1,"19":1,"20":1,"21":1,"22":1,"23":1,"25":1,"26":1,"27":1,"28":1,"30":1,"31":1,"32":1,"33":1,"35":1,"36":1,"37":1,"38":1,"40":1,"41":1,"42":1,"43":1,"44":1,"46":1,"47":1,"48":1,"49":1,"50":1,"51":1,"52":1,"54":1,"55":1,"56":1,"57":1,"58":1,"59":1,"61":1,"62":1,"63":1,"64":1,"65":1,"66":1,"68":1,"69":1,"70":1,"71":1,"72":1},"branchMap":{},"b":{},"fnMap":{},"f":{}}
,"/Users/dmitryorlov/Workspace/Personal/Github/splitr/frontend/src/utils/formatters.ts": {"path":"/Users/dmitryorlov/Workspace/Personal/Github/splitr/frontend/src/utils/formatters.ts","all":false,"statementMap":{"0":{"start":{"line":1,"column":0},"end":{"line":1,"column":63}},"1":{"start":{"line":2,"column":0},"end":{"line":2,"column":7}},"2":{"start":{"line":3,"column":0},"end":{"line":3,"column":36}},"3":{"start":{"line":4,"column":0},"end":{"line":4,"column":47}},"5":{"start":{"line":6,"column":0},"end":{"line":6,"column":26}},"6":{"start":{"line":7,"column":0},"end":{"line":7,"column":77}},"8":{"start":{"line":9,"column":0},"end":{"line":9,"column":45}},"9":{"start":{"line":10,"column":0},"end":{"line":10,"column":77}},"10":{"start":{"line":11,"column":0},"end":{"line":11,"column":80}},"11":{"start":{"line":12,"column":0},"end":{"line":12,"column":54}},"12":{"start":{"line":13,"column":0},"end":{"line":13,"column":20}},"13":{"start":{"line":14,"column":0},"end":{"line":14,"column":20}},"14":{"start":{"line":15,"column":0},"end":{"line":15,"column":3}},"15":{"start":{"line":16,"column":0},"end":{"line":16,"column":1}},"17":{"start":{"line":18,"column":0},"end":{"line":18,"column":60}},"18":{"start":{"line":19,"column":0},"end":{"line":19,"column":7}},"19":{"start":{"line":20,"column":0},"end":{"line":20,"column":28}},"20":{"start":{"line":21,"column":0},"end":{"line":21,"column":49}},"21":{"start":{"line":22,"column":0},"end":{"line":22,"column":33}},"22":{"start":{"line":23,"column":0},"end":{"line":23,"column":11}},"23":{"start":{"line":24,"column":0},"end":{"line":24,"column":25}},"24":{"start":{"line":25,"column":0},"end":{"line":25,"column":3}},"25":{"start":{"line":26,"column":0},"end":{"line":26,"column":1}},"27":{"start":{"line":28,"column":0},"end":{"line":28,"column":64}},"28":{"start":{"line":29,"column":0},"end":{"line":29,"column":7}},"29":{"start":{"line":30,"column":0},"end":{"line":30,"column":28}},"30":{"start":{"line":31,"column":0},"end":{"line":31,"column":49}},"31":{"start":{"line":32,"column":0},"end":{"line":32,"column":29}},"32":{"start":{"line":33,"column":0},"end":{"line":33,"column":11}},"33":{"start":{"line":34,"column":0},"end":{"line":34,"column":25}},"34":{"start":{"line":35,"column":0},"end":{"line":35,"column":3}},"35":{"start":{"line":36,"column":0},"end":{"line":36,"column":1}},"37":{"start":{"line":38,"column":0},"end":{"line":38,"column":58}},"38":{"start":{"line":39,"column":0},"end":{"line":39,"column":35}},"40":{"start":{"line":41,"column":0},"end":{"line":41,"column":16}},"41":{"start":{"line":42,"column":0},"end":{"line":42,"column":43}},"42":{"start":{"line":43,"column":0},"end":{"line":43,"column":53}},"44":{"start":{"line":45,"column":0},"end":{"line":45,"column":65}},"45":{"start":{"line":46,"column":0},"end":{"line":46,"column":1}},"47":{"start":{"line":48,"column":0},"end":{"line":48,"column":74}},"48":{"start":{"line":49,"column":0},"end":{"line":49,"column":43}},"49":{"start":{"line":50,"column":0},"end":{"line":50,"column":45}},"50":{"start":{"line":51,"column":0},"end":{"line":51,"column":1}},"52":{"start":{"line":53,"column":0},"end":{"line":53,"column":52}},"53":{"start":{"line":54,"column":0},"end":{"line":54,"column":22}},"54":{"start":{"line":55,"column":0},"end":{"line":55,"column":51}},"55":{"start":{"line":56,"column":0},"end":{"line":56,"column":1}},"57":{"start":{"line":58,"column":0},"end":{"line":58,"column":54}},"58":{"start":{"line":59,"column":0},"end":{"line":59,"column":12}},"59":{"start":{"line":60,"column":0},"end":{"line":60,"column":31}},"60":{"start":{"line":61,"column":0},"end":{"line":61,"column":46}},"61":{"start":{"line":62,"column":0},"end":{"line":62,"column":11}},"62":{"start":{"line":63,"column":0},"end":{"line":63,"column":1}},"64":{"start":{"line":65,"column":0},"end":{"line":65,"column":41}},"65":{"start":{"line":66,"column":0},"end":{"line":66,"column":48}},"66":{"start":{"line":67,"column":0},"end":{"line":67,"column":1}},"68":{"start":{"line":69,"column":0},"end":{"line":69,"column":67}},"69":{"start":{"line":70,"column":0},"end":{"line":70,"column":30}},"72":{"start":{"line":73,"column":0},"end":{"line":73,"column":27}},"73":{"start":{"line":74,"column":0},"end":{"line":74,"column":36}},"74":{"start":{"line":75,"column":0},"end":{"line":75,"column":3}},"75":{"start":{"line":76,"column":0},"end":{"line":76,"column":73}},"76":{"start":{"line":77,"column":0},"end":{"line":77,"column":22}},"77":{"start":{"line":78,"column":0},"end":{"line":78,"column":3}},"78":{"start":{"line":79,"column":0},"end":{"line":79,"column":19}},"79":{"start":{"line":80,"column":0},"end":{"line":80,"column":1}}},"s":{"0":1,"1":8,"2":8,"3":8,"5":7,"6":7,"8":8,"9":8,"10":8,"11":2,"12":8,"13":0,"14":0,"15":8,"17":1,"18":4,"19":4,"20":4,"21":2,"22":4,"23":0,"24":0,"25":4,"27":1,"28":4,"29":4,"30":4,"31":2,"32":4,"33":0,"34":0,"35":4,"37":1,"38":12,"40":11,"41":11,"42":11,"44":11,"45":11,"47":1,"48":6,"49":3,"50":3,"52":1,"53":8,"54":7,"55":7,"57":1,"58":7,"59":7,"60":7,"61":7,"62":7,"64":1,"65":106,"66":106,"68":1,"69":18,"72":18,"73":3,"74":3,"75":18,"76":6,"77":6,"78":7,"79":7},"branchMap":{"0":{"type":"branch","line":1,"loc":{"start":{"line":1,"column":31},"end":{"line":16,"column":1}},"locations":[{"start":{"line":1,"column":31},"end":{"line":16,"column":1}}]},"1":{"type":"branch","line":4,"loc":{"start":{"line":4,"column":31},"end":{"line":4,"column":47}},"locations":[{"start":{"line":4,"column":31},"end":{"line":4,"column":47}}]},"2":{"type":"branch","line":4,"loc":{"start":{"line":4,"column":38},"end":{"line":9,"column":35}},"locations":[{"start":{"line":4,"column":38},"end":{"line":9,"column":35}}]},"3":{"type":"branch","line":9,"loc":{"start":{"line":9,"column":28},"end":{"line":9,"column":45}},"locations":[{"start":{"line":9,"column":28},"end":{"line":9,"column":45}}]},"4":{"type":"branch","line":9,"loc":{"start":{"line":9,"column":35},"end":{"line":10,"column":37}},"locations":[{"start":{"line":9,"column":35},"end":{"line":10,"column":37}}]},"5":{"type":"branch","line":10,"loc":{"start":{"line":10,"column":30},"end":{"line":10,"column":77}},"locations":[{"start":{"line":10,"column":30},"end":{"line":10,"column":77}}]},"6":{"type":"branch","line":10,"loc":{"start":{"line":10,"column":70},"end":{"line":11,"column":38}},"locations":[{"start":{"line":10,"column":70},"end":{"line":11,"column":38}}]},"7":{"type":"branch","line":11,"loc":{"start":{"line":11,"column":31},"end":{"line":13,"column":11}},"locations":[{"start":{"line":11,"column":31},"end":{"line":13,"column":11}}]},"8":{"type":"branch","line":13,"loc":{"start":{"line":13,"column":2},"end":{"line":15,"column":3}},"locations":[{"start":{"line":13,"column":2},"end":{"line":15,"column":3}}]},"9":{"type":"branch","line":18,"loc":{"start":{"line":18,"column":26},"end":{"line":26,"column":1}},"locations":[{"start":{"line":18,"column":26},"end":{"line":26,"column":1}}]},"10":{"type":"branch","line":21,"loc":{"start":{"line":21,"column":28},"end":{"line":23,"column":10}},"locations":[{"start":{"line":21,"column":28},"end":{"line":23,"column":10}}]},"11":{"type":"branch","line":23,"loc":{"start":{"line":23,"column":2},"end":{"line":25,"column":3}},"locations":[{"start":{"line":23,"column":2},"end":{"line":25,"column":3}}]},"12":{"type":"branch","line":28,"loc":{"start":{"line":28,"column":30},"end":{"line":36,"column":1}},"locations":[{"start":{"line":28,"column":30},"end":{"line":36,"column":1}}]},"13":{"type":"branch","line":31,"loc":{"start":{"line":31,"column":28},"end":{"line":33,"column":10}},"locations":[{"start":{"line":31,"column":28},"end":{"line":33,"column":10}}]},"14":{"type":"branch","line":33,"loc":{"start":{"line":33,"column":2},"end":{"line":35,"column":3}},"locations":[{"start":{"line":33,"column":2},"end":{"line":35,"column":3}}]},"15":{"type":"branch","line":38,"loc":{"start":{"line":38,"column":30},"end":{"line":46,"column":1}},"locations":[{"start":{"line":38,"column":30},"end":{"line":46,"column":1}}]},"16":{"type":"branch","line":39,"loc":{"start":{"line":39,"column":19},"end":{"line":39,"column":35}},"locations":[{"start":{"line":39,"column":19},"end":{"line":39,"column":35}}]},"17":{"type":"branch","line":39,"loc":{"start":{"line":39,"column":26},"end":{"line":46,"column":1}},"locations":[{"start":{"line":39,"column":26},"end":{"line":46,"column":1}}]},"18":{"type":"branch","line":48,"loc":{"start":{"line":48,"column":28},"end":{"line":51,"column":1}},"locations":[{"start":{"line":48,"column":28},"end":{"line":51,"column":1}}]},"19":{"type":"branch","line":49,"loc":{"start":{"line":49,"column":32},"end":{"line":51,"column":1}},"locations":[{"start":{"line":49,"column":32},"end":{"line":51,"column":1}}]},"20":{"type":"branch","line":53,"loc":{"start":{"line":53,"column":26},"end":{"line":56,"column":1}},"locations":[{"start":{"line":53,"column":26},"end":{"line":56,"column":1}}]},"21":{"type":"branch","line":54,"loc":{"start":{"line":54,"column":12},"end":{"line":54,"column":22}},"locations":[{"start":{"line":54,"column":12},"end":{"line":54,"column":22}}]},"22":{"type":"branch","line":54,"loc":{"start":{"line":54,"column":19},"end":{"line":56,"column":1}},"locations":[{"start":{"line":54,"column":19},"end":{"line":56,"column":1}}]},"23":{"type":"branch","line":58,"loc":{"start":{"line":58,"column":28},"end":{"line":63,"column":1}},"locations":[{"start":{"line":58,"column":28},"end":{"line":63,"column":1}}]},"24":{"type":"branch","line":61,"loc":{"start":{"line":61,"column":19},"end":{"line":61,"column":45}},"locations":[{"start":{"line":61,"column":19},"end":{"line":61,"column":45}}]},"25":{"type":"branch","line":65,"loc":{"start":{"line":65,"column":26},"end":{"line":67,"column":1}},"locations":[{"start":{"line":65,"column":26},"end":{"line":67,"column":1}}]},"26":{"type":"branch","line":69,"loc":{"start":{"line":69,"column":25},"end":{"line":80,"column":1}},"locations":[{"start":{"line":69,"column":25},"end":{"line":80,"column":1}}]},"27":{"type":"branch","line":70,"loc":{"start":{"line":70,"column":19},"end":{"line":70,"column":30}},"locations":[{"start":{"line":70,"column":19},"end":{"line":70,"column":30}}]},"28":{"type":"branch","line":70,"loc":{"start":{"line":70,"column":26},"end":{"line":73,"column":26}},"locations":[{"start":{"line":70,"column":26},"end":{"line":73,"column":26}}]},"29":{"type":"branch","line":73,"loc":{"start":{"line":73,"column":26},"end":{"line":75,"column":3}},"locations":[{"start":{"line":73,"column":26},"end":{"line":75,"column":3}}]},"30":{"type":"branch","line":75,"loc":{"start":{"line":75,"column":2},"end":{"line":76,"column":28}},"locations":[{"start":{"line":75,"column":2},"end":{"line":76,"column":28}}]},"31":{"type":"branch","line":76,"loc":{"start":{"line":76,"column":23},"end":{"line":76,"column":51}},"locations":[{"start":{"line":76,"column":23},"end":{"line":76,"column":51}}]},"32":{"type":"branch","line":76,"loc":{"start":{"line":76,"column":46},"end":{"line":76,"column":72}},"locations":[{"start":{"line":76,"column":46},"end":{"line":76,"column":72}}]},"33":{"type":"branch","line":76,"loc":{"start":{"line":76,"column":72},"end":{"line":78,"column":3}},"locations":[{"start":{"line":76,"column":72},"end":{"line":78,"column":3}}]},"34":{"type":"branch","line":78,"loc":{"start":{"line":78,"column":2},"end":{"line":80,"column":1}},"locations":[{"start":{"line":78,"column":2},"end":{"line":80,"column":1}}]}},"b":{"0":[8],"1":[1],"2":[7],"3":[1],"4":[6],"5":[2],"6":[4],"7":[2],"8":[0],"9":[4],"10":[2],"11":[0],"12":[4],"13":[2],"14":[0],"15":[12],"16":[1],"17":[11],"18":[6],"19":[3],"20":[8],"21":[1],"22":[7],"23":[7],"24":[6],"25":[106],"26":[18],"27":[2],"28":[16],"29":[3],"30":[13],"31":[11],"32":[9],"33":[6],"34":[7]},"fnMap":{"0":{"name":"formatTimestamp","decl":{"start":{"line":1,"column":31},"end":{"line":16,"column":1}},"loc":{"start":{"line":1,"column":31},"end":{"line":16,"column":1}},"line":1},"1":{"name":"formatDate","decl":{"start":{"line":18,"column":26},"end":{"line":26,"column":1}},"loc":{"start":{"line":18,"column":26},"end":{"line":26,"column":1}},"line":18},"2":{"name":"formatDateTime","decl":{"start":{"line":28,"column":30},"end":{"line":36,"column":1}},"loc":{"start":{"line":28,"column":30},"end":{"line":36,"column":1}},"line":28},"3":{"name":"formatFileSize","decl":{"start":{"line":38,"column":30},"end":{"line":46,"column":1}},"loc":{"start":{"line":38,"column":30},"end":{"line":46,"column":1}},"line":38},"4":{"name":"truncateText","decl":{"start":{"line":48,"column":28},"end":{"line":51,"column":1}},"loc":{"start":{"line":48,"column":28},"end":{"line":51,"column":1}},"line":48},"5":{"name":"capitalize","decl":{"start":{"line":53,"column":26},"end":{"line":56,"column":1}},"loc":{"start":{"line":53,"column":26},"end":{"line":56,"column":1}},"line":53},"6":{"name":"camelToTitle","decl":{"start":{"line":58,"column":28},"end":{"line":63,"column":1}},"loc":{"start":{"line":58,"column":28},"end":{"line":63,"column":1}},"line":58},"7":{"name":"generateId","decl":{"start":{"line":65,"column":26},"end":{"line":67,"column":1}},"loc":{"start":{"line":65,"column":26},"end":{"line":67,"column":1}},"line":65},"8":{"name":"pluralize","decl":{"start":{"line":69,"column":25},"end":{"line":80,"column":1}},"loc":{"start":{"line":69,"column":25},"end":{"line":80,"column":1}},"line":69}},"f":{"0":8,"1":4,"2":4,"3":12,"4":6,"5":8,"6":7,"7":106,"8":18}}
,"/Users/dmitryorlov/Workspace/Personal/Github/splitr/frontend/src/utils/index.ts": {"path":"/Users/dmitryorlov/Workspace/Personal/Github/splitr/frontend/src/utils/index.ts","all":false,"statementMap":{"0":{"start":{"line":1,"column":0},"end":{"line":1,"column":27}},"1":{"start":{"line":2,"column":0},"end":{"line":2,"column":28}}},"s":{"0":1,"1":1},"branchMap":{},"b":{},"fnMap":{},"f":{}}
}
